<?xml version="1.0" encoding="utf-8"?>
<CoverageSession xmlns:xsd="http://www.w3.org/2001/XMLSchema" xmlns:xsi="http://www.w3.org/2001/XMLSchema-instance" Version="4.6.0.0">
  <Summary numSequencePoints="566" visitedSequencePoints="98" numBranchPoints="171" visitedBranchPoints="27" sequenceCoverage="17.31" branchCoverage="15.79" maxCyclomaticComplexity="5" minCyclomaticComplexity="1" maxCrapScore="30" minCrapScore="1" visitedClasses="6" numClasses="43" visitedMethods="17" numMethods="111" />
  <Modules>
    <Module hash="49-1C-77-B7-98-38-7D-21-1E-3A-95-17-81-A3-89-B3-CF-F2-77-8B">
      <Summary numSequencePoints="273" visitedSequencePoints="78" numBranchPoints="56" visitedBranchPoints="21" sequenceCoverage="28.57" branchCoverage="37.5" maxCyclomaticComplexity="3" minCyclomaticComplexity="1" maxCrapScore="6" minCrapScore="1" visitedClasses="4" numClasses="17" visitedMethods="13" numMethods="42" />
      <ModulePath>D:\Dima\Лабораторные работы\2 курс\2 семестр\Архитиктура ПО\Курсач\CourseWork2\DataAccessLayer\UnitTests\bin\Debug\UnitTests.dll</ModulePath>
      <ModuleTime>2019-05-31T00:37:36.4098595Z</ModuleTime>
      <ModuleName>UnitTests</ModuleName>
      <Files>
        <File uid="1" fullPath="D:\Dima\Лабораторные работы\2 курс\2 семестр\Архитиктура ПО\Курсач\CourseWork2\DataAccessLayer\UnitTests\CreateEditServiceTests.cs" />
        <File uid="4" fullPath="D:\Dima\Лабораторные работы\2 курс\2 семестр\Архитиктура ПО\Курсач\CourseWork2\DataAccessLayer\UnitTests\StubRepository.cs" />
        <File uid="5" fullPath="D:\Dima\Лабораторные работы\2 курс\2 семестр\Архитиктура ПО\Курсач\CourseWork2\DataAccessLayer\UnitTests\StubUnitOfWork.cs" />
        <File uid="6" fullPath="D:\Dima\Лабораторные работы\2 курс\2 семестр\Архитиктура ПО\Курсач\CourseWork2\DataAccessLayer\UnitTests\SearchServiceTests.cs" />
        <File uid="10" fullPath="D:\Dima\Лабораторные работы\2 курс\2 семестр\Архитиктура ПО\Курсач\CourseWork2\DataAccessLayer\UnitTests\BargainingServiceTests.cs" />
        <File uid="16" fullPath="D:\Dima\Лабораторные работы\2 курс\2 семестр\Архитиктура ПО\Курсач\CourseWork2\DataAccessLayer\UnitTests\AllowDeclineServiceTests.cs" />
      </Files>
      <Classes>
        <Class>
          <Summary numSequencePoints="45" visitedSequencePoints="0" numBranchPoints="4" visitedBranchPoints="0" sequenceCoverage="0" branchCoverage="0" maxCyclomaticComplexity="1" minCyclomaticComplexity="1" maxCrapScore="2" minCrapScore="2" visitedClasses="0" numClasses="1" visitedMethods="0" numMethods="4" />
          <FullName>UnitTests.CreateEditServiceTests</FullName>
          <Methods>
            <Method visited="false" cyclomaticComplexity="1" nPathComplexity="0" sequenceCoverage="0" branchCoverage="0" crapScore="2" isConstructor="false" isStatic="false" isGetter="false" isSetter="false">
              <Summary numSequencePoints="16" visitedSequencePoints="0" numBranchPoints="1" visitedBranchPoints="0" sequenceCoverage="0" branchCoverage="0" maxCyclomaticComplexity="1" minCyclomaticComplexity="1" maxCrapScore="2" minCrapScore="2" visitedClasses="0" numClasses="0" visitedMethods="0" numMethods="1" />
              <MetadataToken>100663297</MetadataToken>
              <Name>System.Void UnitTests.CreateEditServiceTests::CreateLotTest()</Name>
              <FileRef uid="1" />
              <SequencePoints>
                <SequencePoint vc="0" uspid="1" ordinal="0" offset="0" sl="19" sc="9" el="19" ec="10" bec="0" bev="0" fileid="1" />
                <SequencePoint vc="0" uspid="2" ordinal="1" offset="1" sl="20" sc="13" el="20" ec="55" bec="0" bev="0" fileid="1" />
                <SequencePoint vc="0" uspid="3" ordinal="2" offset="7" sl="22" sc="13" el="22" ec="78" bec="0" bev="0" fileid="1" />
                <SequencePoint vc="0" uspid="4" ordinal="3" offset="14" sl="24" sc="13" el="24" ec="74" bec="0" bev="0" fileid="1" />
                <SequencePoint vc="0" uspid="5" ordinal="4" offset="31" sl="26" sc="13" el="36" ec="15" bec="0" bev="0" fileid="1" />
                <SequencePoint vc="0" uspid="6" ordinal="5" offset="135" sl="38" sc="13" el="38" ec="50" bec="0" bev="0" fileid="1" />
                <SequencePoint vc="0" uspid="7" ordinal="6" offset="143" sl="40" sc="13" el="40" ec="63" bec="0" bev="0" fileid="1" />
                <SequencePoint vc="0" uspid="8" ordinal="7" offset="172" sl="42" sc="13" el="42" ec="53" bec="0" bev="0" fileid="1" />
                <SequencePoint vc="0" uspid="9" ordinal="8" offset="196" sl="43" sc="13" el="43" ec="65" bec="0" bev="0" fileid="1" />
                <SequencePoint vc="0" uspid="10" ordinal="9" offset="225" sl="44" sc="13" el="44" ec="63" bec="0" bev="0" fileid="1" />
                <SequencePoint vc="0" uspid="11" ordinal="10" offset="254" sl="45" sc="13" el="45" ec="67" bec="0" bev="0" fileid="1" />
                <SequencePoint vc="0" uspid="12" ordinal="11" offset="283" sl="46" sc="13" el="46" ec="63" bec="0" bev="0" fileid="1" />
                <SequencePoint vc="0" uspid="13" ordinal="12" offset="304" sl="47" sc="13" el="47" ec="57" bec="0" bev="0" fileid="1" />
                <SequencePoint vc="0" uspid="14" ordinal="13" offset="325" sl="48" sc="13" el="48" ec="67" bec="0" bev="0" fileid="1" />
                <SequencePoint vc="0" uspid="15" ordinal="14" offset="349" sl="49" sc="13" el="49" ec="58" bec="0" bev="0" fileid="1" />
                <SequencePoint vc="0" uspid="16" ordinal="15" offset="370" sl="50" sc="9" el="50" ec="10" bec="0" bev="0" fileid="1" />
              </SequencePoints>
              <BranchPoints />
              <MethodPoint xsi:type="SequencePoint" vc="0" uspid="1" ordinal="0" offset="0" sl="19" sc="9" el="19" ec="10" bec="0" bev="0" fileid="1" />
            </Method>
            <Method visited="false" cyclomaticComplexity="1" nPathComplexity="0" sequenceCoverage="0" branchCoverage="0" crapScore="2" isConstructor="false" isStatic="false" isGetter="false" isSetter="false">
              <Summary numSequencePoints="6" visitedSequencePoints="0" numBranchPoints="1" visitedBranchPoints="0" sequenceCoverage="0" branchCoverage="0" maxCyclomaticComplexity="1" minCyclomaticComplexity="1" maxCrapScore="2" minCrapScore="2" visitedClasses="0" numClasses="0" visitedMethods="0" numMethods="1" />
              <MetadataToken>100663298</MetadataToken>
              <Name>System.Void UnitTests.CreateEditServiceTests::CreateLotTestException1()</Name>
              <FileRef uid="1" />
              <SequencePoints>
                <SequencePoint vc="0" uspid="17" ordinal="0" offset="6" sl="54" sc="9" el="54" ec="10" bec="0" bev="0" fileid="1" />
                <SequencePoint vc="0" uspid="18" ordinal="1" offset="7" sl="55" sc="13" el="55" ec="55" bec="0" bev="0" fileid="1" />
                <SequencePoint vc="0" uspid="19" ordinal="2" offset="13" sl="57" sc="13" el="57" ec="78" bec="0" bev="0" fileid="1" />
                <SequencePoint vc="0" uspid="20" ordinal="3" offset="25" sl="59" sc="13" el="69" ec="15" bec="0" bev="0" fileid="1" />
                <SequencePoint vc="0" uspid="21" ordinal="4" offset="133" sl="71" sc="13" el="71" ec="101" bec="0" bev="0" fileid="1" />
                <SequencePoint vc="0" uspid="22" ordinal="5" offset="151" sl="72" sc="9" el="72" ec="10" bec="0" bev="0" fileid="1" />
              </SequencePoints>
              <BranchPoints />
              <MethodPoint vc="0" uspid="23" ordinal="0" offset="0" />
            </Method>
            <Method visited="false" cyclomaticComplexity="1" nPathComplexity="0" sequenceCoverage="0" branchCoverage="0" crapScore="2" isConstructor="false" isStatic="false" isGetter="false" isSetter="false">
              <Summary numSequencePoints="6" visitedSequencePoints="0" numBranchPoints="1" visitedBranchPoints="0" sequenceCoverage="0" branchCoverage="0" maxCyclomaticComplexity="1" minCyclomaticComplexity="1" maxCrapScore="2" minCrapScore="2" visitedClasses="0" numClasses="0" visitedMethods="0" numMethods="1" />
              <MetadataToken>100663299</MetadataToken>
              <Name>System.Void UnitTests.CreateEditServiceTests::CreateLotTestException2()</Name>
              <FileRef uid="1" />
              <SequencePoints>
                <SequencePoint vc="0" uspid="24" ordinal="0" offset="6" sl="76" sc="9" el="76" ec="10" bec="0" bev="0" fileid="1" />
                <SequencePoint vc="0" uspid="25" ordinal="1" offset="7" sl="77" sc="13" el="77" ec="55" bec="0" bev="0" fileid="1" />
                <SequencePoint vc="0" uspid="26" ordinal="2" offset="13" sl="79" sc="13" el="79" ec="78" bec="0" bev="0" fileid="1" />
                <SequencePoint vc="0" uspid="27" ordinal="3" offset="25" sl="81" sc="13" el="91" ec="15" bec="0" bev="0" fileid="1" />
                <SequencePoint vc="0" uspid="28" ordinal="4" offset="133" sl="93" sc="13" el="93" ec="103" bec="0" bev="0" fileid="1" />
                <SequencePoint vc="0" uspid="29" ordinal="5" offset="151" sl="94" sc="9" el="94" ec="10" bec="0" bev="0" fileid="1" />
              </SequencePoints>
              <BranchPoints />
              <MethodPoint vc="0" uspid="30" ordinal="0" offset="0" />
            </Method>
            <Method visited="false" cyclomaticComplexity="1" nPathComplexity="0" sequenceCoverage="0" branchCoverage="0" crapScore="2" isConstructor="false" isStatic="false" isGetter="false" isSetter="false">
              <Summary numSequencePoints="17" visitedSequencePoints="0" numBranchPoints="1" visitedBranchPoints="0" sequenceCoverage="0" branchCoverage="0" maxCyclomaticComplexity="1" minCyclomaticComplexity="1" maxCrapScore="2" minCrapScore="2" visitedClasses="0" numClasses="0" visitedMethods="0" numMethods="1" />
              <MetadataToken>100663300</MetadataToken>
              <Name>System.Void UnitTests.CreateEditServiceTests::EditLotTest()</Name>
              <FileRef uid="1" />
              <SequencePoints>
                <SequencePoint vc="0" uspid="31" ordinal="0" offset="0" sl="98" sc="9" el="98" ec="10" bec="0" bev="0" fileid="1" />
                <SequencePoint vc="0" uspid="32" ordinal="1" offset="1" sl="99" sc="13" el="99" ec="55" bec="0" bev="0" fileid="1" />
                <SequencePoint vc="0" uspid="33" ordinal="2" offset="7" sl="101" sc="13" el="101" ec="78" bec="0" bev="0" fileid="1" />
                <SequencePoint vc="0" uspid="34" ordinal="3" offset="14" sl="103" sc="13" el="103" ec="74" bec="0" bev="0" fileid="1" />
                <SequencePoint vc="0" uspid="35" ordinal="4" offset="31" sl="104" sc="13" el="104" ec="58" bec="0" bev="0" fileid="1" />
                <SequencePoint vc="0" uspid="36" ordinal="5" offset="48" sl="106" sc="13" el="117" ec="15" bec="0" bev="0" fileid="1" />
                <SequencePoint vc="0" uspid="37" ordinal="6" offset="172" sl="119" sc="13" el="119" ec="48" bec="0" bev="0" fileid="1" />
                <SequencePoint vc="0" uspid="38" ordinal="7" offset="181" sl="121" sc="13" el="121" ec="40" bec="0" bev="0" fileid="1" />
                <SequencePoint vc="0" uspid="39" ordinal="8" offset="199" sl="123" sc="13" el="123" ec="53" bec="0" bev="0" fileid="1" />
                <SequencePoint vc="0" uspid="40" ordinal="9" offset="223" sl="124" sc="13" el="124" ec="65" bec="0" bev="0" fileid="1" />
                <SequencePoint vc="0" uspid="41" ordinal="10" offset="252" sl="125" sc="13" el="125" ec="63" bec="0" bev="0" fileid="1" />
                <SequencePoint vc="0" uspid="42" ordinal="11" offset="281" sl="126" sc="13" el="126" ec="67" bec="0" bev="0" fileid="1" />
                <SequencePoint vc="0" uspid="43" ordinal="12" offset="310" sl="127" sc="13" el="127" ec="63" bec="0" bev="0" fileid="1" />
                <SequencePoint vc="0" uspid="44" ordinal="13" offset="331" sl="128" sc="13" el="128" ec="57" bec="0" bev="0" fileid="1" />
                <SequencePoint vc="0" uspid="45" ordinal="14" offset="352" sl="129" sc="13" el="129" ec="67" bec="0" bev="0" fileid="1" />
                <SequencePoint vc="0" uspid="46" ordinal="15" offset="376" sl="130" sc="13" el="130" ec="70" bec="0" bev="0" fileid="1" />
                <SequencePoint vc="0" uspid="47" ordinal="16" offset="405" sl="131" sc="9" el="131" ec="10" bec="0" bev="0" fileid="1" />
              </SequencePoints>
              <BranchPoints />
              <MethodPoint xsi:type="SequencePoint" vc="0" uspid="31" ordinal="0" offset="0" sl="98" sc="9" el="98" ec="10" bec="0" bev="0" fileid="1" />
            </Method>
            <Method visited="false" cyclomaticComplexity="1" nPathComplexity="0" sequenceCoverage="0" branchCoverage="0" crapScore="2" isConstructor="true" isStatic="false" isGetter="false" isSetter="false">
              <Summary numSequencePoints="0" visitedSequencePoints="0" numBranchPoints="0" visitedBranchPoints="0" sequenceCoverage="0" branchCoverage="0" maxCyclomaticComplexity="1" minCyclomaticComplexity="1" maxCrapScore="2" minCrapScore="2" visitedClasses="0" numClasses="0" visitedMethods="0" numMethods="0" />
              <MetadataToken>100663301</MetadataToken>
              <Name>System.Void UnitTests.CreateEditServiceTests::.ctor()</Name>
              <SequencePoints />
              <BranchPoints />
              <MethodPoint vc="0" uspid="48" ordinal="0" offset="0" />
            </Method>
          </Methods>
        </Class>
        <Class>
          <Summary numSequencePoints="1" visitedSequencePoints="0" numBranchPoints="1" visitedBranchPoints="0" sequenceCoverage="0" branchCoverage="0" maxCyclomaticComplexity="1" minCyclomaticComplexity="1" maxCrapScore="2" minCrapScore="2" visitedClasses="0" numClasses="1" visitedMethods="0" numMethods="1" />
          <FullName>UnitTests.CreateEditServiceTests/&lt;&gt;c__DisplayClass1_0</FullName>
          <Methods>
            <Method visited="false" cyclomaticComplexity="1" nPathComplexity="0" sequenceCoverage="0" branchCoverage="0" crapScore="2" isConstructor="true" isStatic="false" isGetter="false" isSetter="false">
              <Summary numSequencePoints="0" visitedSequencePoints="0" numBranchPoints="0" visitedBranchPoints="0" sequenceCoverage="0" branchCoverage="0" maxCyclomaticComplexity="1" minCyclomaticComplexity="1" maxCrapScore="2" minCrapScore="2" visitedClasses="0" numClasses="0" visitedMethods="0" numMethods="0" />
              <MetadataToken>100663333</MetadataToken>
              <Name>System.Void UnitTests.CreateEditServiceTests/&lt;&gt;c__DisplayClass1_0::.ctor()</Name>
              <SequencePoints />
              <BranchPoints />
              <MethodPoint vc="0" uspid="49" ordinal="0" offset="0" />
            </Method>
            <Method visited="false" cyclomaticComplexity="1" nPathComplexity="0" sequenceCoverage="0" branchCoverage="0" crapScore="2" isConstructor="false" isStatic="false" isGetter="false" isSetter="false">
              <Summary numSequencePoints="1" visitedSequencePoints="0" numBranchPoints="1" visitedBranchPoints="0" sequenceCoverage="0" branchCoverage="0" maxCyclomaticComplexity="1" minCyclomaticComplexity="1" maxCrapScore="2" minCrapScore="2" visitedClasses="0" numClasses="0" visitedMethods="0" numMethods="1" />
              <MetadataToken>100663334</MetadataToken>
              <Name>System.Void UnitTests.CreateEditServiceTests/&lt;&gt;c__DisplayClass1_0::&lt;CreateLotTestException1&gt;b__0()</Name>
              <FileRef uid="1" />
              <SequencePoints>
                <SequencePoint vc="0" uspid="50" ordinal="0" offset="0" sl="71" sc="63" el="71" ec="99" bec="0" bev="0" fileid="1" />
              </SequencePoints>
              <BranchPoints />
              <MethodPoint xsi:type="SequencePoint" vc="0" uspid="50" ordinal="0" offset="0" sl="71" sc="63" el="71" ec="99" bec="0" bev="0" fileid="1" />
            </Method>
          </Methods>
        </Class>
        <Class>
          <Summary numSequencePoints="1" visitedSequencePoints="0" numBranchPoints="1" visitedBranchPoints="0" sequenceCoverage="0" branchCoverage="0" maxCyclomaticComplexity="1" minCyclomaticComplexity="1" maxCrapScore="2" minCrapScore="2" visitedClasses="0" numClasses="1" visitedMethods="0" numMethods="1" />
          <FullName>UnitTests.CreateEditServiceTests/&lt;&gt;c__DisplayClass2_0</FullName>
          <Methods>
            <Method visited="false" cyclomaticComplexity="1" nPathComplexity="0" sequenceCoverage="0" branchCoverage="0" crapScore="2" isConstructor="true" isStatic="false" isGetter="false" isSetter="false">
              <Summary numSequencePoints="0" visitedSequencePoints="0" numBranchPoints="0" visitedBranchPoints="0" sequenceCoverage="0" branchCoverage="0" maxCyclomaticComplexity="1" minCyclomaticComplexity="1" maxCrapScore="2" minCrapScore="2" visitedClasses="0" numClasses="0" visitedMethods="0" numMethods="0" />
              <MetadataToken>100663335</MetadataToken>
              <Name>System.Void UnitTests.CreateEditServiceTests/&lt;&gt;c__DisplayClass2_0::.ctor()</Name>
              <SequencePoints />
              <BranchPoints />
              <MethodPoint vc="0" uspid="51" ordinal="0" offset="0" />
            </Method>
            <Method visited="false" cyclomaticComplexity="1" nPathComplexity="0" sequenceCoverage="0" branchCoverage="0" crapScore="2" isConstructor="false" isStatic="false" isGetter="false" isSetter="false">
              <Summary numSequencePoints="1" visitedSequencePoints="0" numBranchPoints="1" visitedBranchPoints="0" sequenceCoverage="0" branchCoverage="0" maxCyclomaticComplexity="1" minCyclomaticComplexity="1" maxCrapScore="2" minCrapScore="2" visitedClasses="0" numClasses="0" visitedMethods="0" numMethods="1" />
              <MetadataToken>100663336</MetadataToken>
              <Name>System.Void UnitTests.CreateEditServiceTests/&lt;&gt;c__DisplayClass2_0::&lt;CreateLotTestException2&gt;b__0()</Name>
              <FileRef uid="1" />
              <SequencePoints>
                <SequencePoint vc="0" uspid="52" ordinal="0" offset="0" sl="93" sc="65" el="93" ec="101" bec="0" bev="0" fileid="1" />
              </SequencePoints>
              <BranchPoints />
              <MethodPoint xsi:type="SequencePoint" vc="0" uspid="52" ordinal="0" offset="0" sl="93" sc="65" el="93" ec="101" bec="0" bev="0" fileid="1" />
            </Method>
          </Methods>
        </Class>
        <Class>
          <Summary numSequencePoints="43" visitedSequencePoints="26" numBranchPoints="16" visitedBranchPoints="10" sequenceCoverage="60.47" branchCoverage="62.5" maxCyclomaticComplexity="3" minCyclomaticComplexity="1" maxCrapScore="4.12" minCrapScore="1" visitedClasses="1" numClasses="1" visitedMethods="6" numMethods="8" />
          <FullName>UnitTests.StubRepository`1</FullName>
          <Methods>
            <Method visited="true" cyclomaticComplexity="1" nPathComplexity="0" sequenceCoverage="100" branchCoverage="100" crapScore="1" isConstructor="true" isStatic="false" isGetter="false" isSetter="false">
              <Summary numSequencePoints="4" visitedSequencePoints="4" numBranchPoints="1" visitedBranchPoints="1" sequenceCoverage="100" branchCoverage="100" maxCyclomaticComplexity="1" minCyclomaticComplexity="1" maxCrapScore="1" minCrapScore="1" visitedClasses="0" numClasses="0" visitedMethods="1" numMethods="1" />
              <MetadataToken>100663302</MetadataToken>
              <Name>System.Void UnitTests.StubRepository`1::.ctor()</Name>
              <FileRef uid="4" />
              <SequencePoints>
                <SequencePoint vc="6" uspid="53" ordinal="0" offset="0" sl="15" sc="9" el="15" ec="32" bec="0" bev="0" fileid="4">
                  <TrackedMethodRefs>
                    <TrackedMethodRef uid="18" vc="2" />
                    <TrackedMethodRef uid="19" vc="2" />
                    <TrackedMethodRef uid="20" vc="2" />
                  </TrackedMethodRefs>
                </SequencePoint>
                <SequencePoint vc="6" uspid="54" ordinal="1" offset="7" sl="16" sc="9" el="16" ec="10" bec="0" bev="0" fileid="4">
                  <TrackedMethodRefs>
                    <TrackedMethodRef uid="18" vc="2" />
                    <TrackedMethodRef uid="19" vc="2" />
                    <TrackedMethodRef uid="20" vc="2" />
                  </TrackedMethodRefs>
                </SequencePoint>
                <SequencePoint vc="6" uspid="55" ordinal="2" offset="8" sl="17" sc="13" el="17" ec="34" bec="0" bev="0" fileid="4">
                  <TrackedMethodRefs>
                    <TrackedMethodRef uid="18" vc="2" />
                    <TrackedMethodRef uid="19" vc="2" />
                    <TrackedMethodRef uid="20" vc="2" />
                  </TrackedMethodRefs>
                </SequencePoint>
                <SequencePoint vc="6" uspid="56" ordinal="3" offset="19" sl="18" sc="9" el="18" ec="10" bec="0" bev="0" fileid="4">
                  <TrackedMethodRefs>
                    <TrackedMethodRef uid="18" vc="2" />
                    <TrackedMethodRef uid="19" vc="2" />
                    <TrackedMethodRef uid="20" vc="2" />
                  </TrackedMethodRefs>
                </SequencePoint>
              </SequencePoints>
              <BranchPoints />
              <MethodPoint xsi:type="SequencePoint" vc="6" uspid="53" ordinal="0" offset="0" sl="15" sc="9" el="15" ec="32" bec="0" bev="0" fileid="4">
                <TrackedMethodRefs>
                  <TrackedMethodRef uid="18" vc="2" />
                  <TrackedMethodRef uid="19" vc="2" />
                  <TrackedMethodRef uid="20" vc="2" />
                </TrackedMethodRefs>
              </MethodPoint>
            </Method>
            <Method visited="false" cyclomaticComplexity="1" nPathComplexity="0" sequenceCoverage="0" branchCoverage="0" crapScore="2" isConstructor="true" isStatic="false" isGetter="false" isSetter="false">
              <Summary numSequencePoints="4" visitedSequencePoints="0" numBranchPoints="1" visitedBranchPoints="0" sequenceCoverage="0" branchCoverage="0" maxCyclomaticComplexity="1" minCyclomaticComplexity="1" maxCrapScore="2" minCrapScore="2" visitedClasses="0" numClasses="0" visitedMethods="0" numMethods="1" />
              <MetadataToken>100663303</MetadataToken>
              <Name>System.Void UnitTests.StubRepository`1::.ctor(System.Collections.Generic.List`1&lt;T&gt;)</Name>
              <FileRef uid="4" />
              <SequencePoints>
                <SequencePoint vc="0" uspid="57" ordinal="0" offset="0" sl="20" sc="9" el="20" ec="44" bec="0" bev="0" fileid="4" />
                <SequencePoint vc="0" uspid="58" ordinal="1" offset="7" sl="21" sc="9" el="21" ec="10" bec="0" bev="0" fileid="4" />
                <SequencePoint vc="0" uspid="59" ordinal="2" offset="8" sl="22" sc="13" el="22" ec="43" bec="0" bev="0" fileid="4" />
                <SequencePoint vc="0" uspid="60" ordinal="3" offset="20" sl="23" sc="9" el="23" ec="10" bec="0" bev="0" fileid="4" />
              </SequencePoints>
              <BranchPoints />
              <MethodPoint xsi:type="SequencePoint" vc="0" uspid="57" ordinal="0" offset="0" sl="20" sc="9" el="20" ec="44" bec="0" bev="0" fileid="4" />
            </Method>
            <Method visited="true" cyclomaticComplexity="1" nPathComplexity="0" sequenceCoverage="100" branchCoverage="100" crapScore="1" isConstructor="false" isStatic="false" isGetter="false" isSetter="false">
              <Summary numSequencePoints="3" visitedSequencePoints="3" numBranchPoints="1" visitedBranchPoints="1" sequenceCoverage="100" branchCoverage="100" maxCyclomaticComplexity="1" minCyclomaticComplexity="1" maxCrapScore="1" minCrapScore="1" visitedClasses="0" numClasses="0" visitedMethods="1" numMethods="1" />
              <MetadataToken>100663304</MetadataToken>
              <Name>System.Void UnitTests.StubRepository`1::Create(T)</Name>
              <FileRef uid="4" />
              <SequencePoints>
                <SequencePoint vc="14" uspid="61" ordinal="0" offset="0" sl="26" sc="9" el="26" ec="10" bec="0" bev="0" fileid="4">
                  <TrackedMethodRefs>
                    <TrackedMethodRef uid="18" vc="5" />
                    <TrackedMethodRef uid="19" vc="4" />
                    <TrackedMethodRef uid="20" vc="5" />
                  </TrackedMethodRefs>
                </SequencePoint>
                <SequencePoint vc="14" uspid="62" ordinal="1" offset="1" sl="27" sc="13" el="27" ec="28" bec="0" bev="0" fileid="4">
                  <TrackedMethodRefs>
                    <TrackedMethodRef uid="18" vc="5" />
                    <TrackedMethodRef uid="19" vc="4" />
                    <TrackedMethodRef uid="20" vc="5" />
                  </TrackedMethodRefs>
                </SequencePoint>
                <SequencePoint vc="14" uspid="63" ordinal="2" offset="14" sl="28" sc="9" el="28" ec="10" bec="0" bev="0" fileid="4">
                  <TrackedMethodRefs>
                    <TrackedMethodRef uid="18" vc="5" />
                    <TrackedMethodRef uid="19" vc="4" />
                    <TrackedMethodRef uid="20" vc="5" />
                  </TrackedMethodRefs>
                </SequencePoint>
              </SequencePoints>
              <BranchPoints />
              <MethodPoint xsi:type="SequencePoint" vc="14" uspid="61" ordinal="0" offset="0" sl="26" sc="9" el="26" ec="10" bec="0" bev="0" fileid="4">
                <TrackedMethodRefs>
                  <TrackedMethodRef uid="18" vc="5" />
                  <TrackedMethodRef uid="19" vc="4" />
                  <TrackedMethodRef uid="20" vc="5" />
                </TrackedMethodRefs>
              </MethodPoint>
            </Method>
            <Method visited="true" cyclomaticComplexity="3" nPathComplexity="2" sequenceCoverage="50" branchCoverage="66.67" crapScore="4.12" isConstructor="false" isStatic="false" isGetter="false" isSetter="false">
              <Summary numSequencePoints="6" visitedSequencePoints="3" numBranchPoints="3" visitedBranchPoints="2" sequenceCoverage="50" branchCoverage="66.67" maxCyclomaticComplexity="3" minCyclomaticComplexity="3" maxCrapScore="4.12" minCrapScore="4.12" visitedClasses="0" numClasses="0" visitedMethods="1" numMethods="1" />
              <MetadataToken>100663305</MetadataToken>
              <Name>System.Void UnitTests.StubRepository`1::Delete(System.Int32)</Name>
              <FileRef uid="4" />
              <SequencePoints>
                <SequencePoint vc="1" uspid="64" ordinal="0" offset="0" sl="31" sc="9" el="31" ec="10" bec="0" bev="0" fileid="4">
                  <TrackedMethodRefs>
                    <TrackedMethodRef uid="20" vc="1" />
                  </TrackedMethodRefs>
                </SequencePoint>
                <SequencePoint vc="1" uspid="65" ordinal="1" offset="1" sl="32" sc="13" el="32" ec="44" bec="2" bev="1" fileid="4">
                  <TrackedMethodRefs>
                    <TrackedMethodRef uid="20" vc="1" />
                  </TrackedMethodRefs>
                </SequencePoint>
                <SequencePoint vc="0" uspid="66" ordinal="2" offset="26" sl="33" sc="13" el="33" ec="14" bec="0" bev="0" fileid="4" />
                <SequencePoint vc="0" uspid="67" ordinal="3" offset="27" sl="34" sc="17" el="34" ec="39" bec="0" bev="0" fileid="4" />
                <SequencePoint vc="0" uspid="68" ordinal="4" offset="51" sl="35" sc="13" el="35" ec="14" bec="0" bev="0" fileid="4" />
                <SequencePoint vc="1" uspid="69" ordinal="5" offset="52" sl="36" sc="9" el="36" ec="10" bec="0" bev="0" fileid="4">
                  <TrackedMethodRefs>
                    <TrackedMethodRef uid="20" vc="1" />
                  </TrackedMethodRefs>
                </SequencePoint>
              </SequencePoints>
              <BranchPoints>
                <BranchPoint vc="0" uspid="72" ordinal="2" offset="24" sl="32" path="0" offsetend="26" fileid="4" />
                <BranchPoint vc="1" uspid="73" ordinal="3" offset="24" sl="32" path="1" offsetend="52" fileid="4">
                  <TrackedMethodRefs>
                    <TrackedMethodRef uid="20" vc="1" />
                  </TrackedMethodRefs>
                </BranchPoint>
              </BranchPoints>
              <MethodPoint xsi:type="SequencePoint" vc="1" uspid="64" ordinal="0" offset="0" sl="31" sc="9" el="31" ec="10" bec="0" bev="0" fileid="4">
                <TrackedMethodRefs>
                  <TrackedMethodRef uid="20" vc="1" />
                </TrackedMethodRefs>
              </MethodPoint>
            </Method>
            <Method visited="false" cyclomaticComplexity="1" nPathComplexity="0" sequenceCoverage="0" branchCoverage="0" crapScore="2" isConstructor="false" isStatic="false" isGetter="false" isSetter="false">
              <Summary numSequencePoints="3" visitedSequencePoints="0" numBranchPoints="1" visitedBranchPoints="0" sequenceCoverage="0" branchCoverage="0" maxCyclomaticComplexity="1" minCyclomaticComplexity="1" maxCrapScore="2" minCrapScore="2" visitedClasses="0" numClasses="0" visitedMethods="0" numMethods="1" />
              <MetadataToken>100663306</MetadataToken>
              <Name>System.Collections.Generic.IEnumerable`1&lt;T&gt; UnitTests.StubRepository`1::Find(System.Func`2&lt;T,System.Boolean&gt;)</Name>
              <FileRef uid="4" />
              <SequencePoints>
                <SequencePoint vc="0" uspid="74" ordinal="0" offset="0" sl="39" sc="9" el="39" ec="10" bec="0" bev="0" fileid="4" />
                <SequencePoint vc="0" uspid="75" ordinal="1" offset="1" sl="40" sc="13" el="40" ec="42" bec="0" bev="0" fileid="4" />
                <SequencePoint vc="0" uspid="76" ordinal="2" offset="16" sl="41" sc="9" el="41" ec="10" bec="0" bev="0" fileid="4" />
              </SequencePoints>
              <BranchPoints />
              <MethodPoint xsi:type="SequencePoint" vc="0" uspid="74" ordinal="0" offset="0" sl="39" sc="9" el="39" ec="10" bec="0" bev="0" fileid="4" />
            </Method>
            <Method visited="true" cyclomaticComplexity="3" nPathComplexity="2" sequenceCoverage="100" branchCoverage="100" crapScore="3" isConstructor="false" isStatic="false" isGetter="false" isSetter="false">
              <Summary numSequencePoints="6" visitedSequencePoints="6" numBranchPoints="3" visitedBranchPoints="3" sequenceCoverage="100" branchCoverage="100" maxCyclomaticComplexity="3" minCyclomaticComplexity="3" maxCrapScore="3" minCrapScore="3" visitedClasses="0" numClasses="0" visitedMethods="1" numMethods="1" />
              <MetadataToken>100663307</MetadataToken>
              <Name>T UnitTests.StubRepository`1::Get(System.Int32)</Name>
              <FileRef uid="4" />
              <SequencePoints>
                <SequencePoint vc="7" uspid="77" ordinal="0" offset="0" sl="44" sc="9" el="44" ec="10" bec="0" bev="0" fileid="4">
                  <TrackedMethodRefs>
                    <TrackedMethodRef uid="18" vc="3" />
                    <TrackedMethodRef uid="19" vc="2" />
                    <TrackedMethodRef uid="20" vc="2" />
                  </TrackedMethodRefs>
                </SequencePoint>
                <SequencePoint vc="7" uspid="78" ordinal="1" offset="1" sl="45" sc="13" el="45" ec="52" bec="2" bev="2" fileid="4">
                  <TrackedMethodRefs>
                    <TrackedMethodRef uid="18" vc="3" />
                    <TrackedMethodRef uid="19" vc="2" />
                    <TrackedMethodRef uid="20" vc="2" />
                  </TrackedMethodRefs>
                </SequencePoint>
                <SequencePoint vc="6" uspid="79" ordinal="2" offset="30" sl="46" sc="13" el="46" ec="14" bec="0" bev="0" fileid="4">
                  <TrackedMethodRefs>
                    <TrackedMethodRef uid="18" vc="3" />
                    <TrackedMethodRef uid="19" vc="1" />
                    <TrackedMethodRef uid="20" vc="2" />
                  </TrackedMethodRefs>
                </SequencePoint>
                <SequencePoint vc="6" uspid="80" ordinal="3" offset="31" sl="47" sc="17" el="47" ec="37" bec="0" bev="0" fileid="4">
                  <TrackedMethodRefs>
                    <TrackedMethodRef uid="18" vc="3" />
                    <TrackedMethodRef uid="19" vc="1" />
                    <TrackedMethodRef uid="20" vc="2" />
                  </TrackedMethodRefs>
                </SequencePoint>
                <SequencePoint vc="1" uspid="81" ordinal="4" offset="48" sl="49" sc="13" el="49" ec="25" bec="0" bev="0" fileid="4">
                  <TrackedMethodRefs>
                    <TrackedMethodRef uid="19" vc="1" />
                  </TrackedMethodRefs>
                </SequencePoint>
                <SequencePoint vc="7" uspid="82" ordinal="5" offset="60" sl="50" sc="9" el="50" ec="10" bec="0" bev="0" fileid="4">
                  <TrackedMethodRefs>
                    <TrackedMethodRef uid="18" vc="3" />
                    <TrackedMethodRef uid="19" vc="2" />
                    <TrackedMethodRef uid="20" vc="2" />
                  </TrackedMethodRefs>
                </SequencePoint>
              </SequencePoints>
              <BranchPoints>
                <BranchPoint vc="6" uspid="85" ordinal="2" offset="28" sl="45" path="0" offsetend="30" fileid="4">
                  <TrackedMethodRefs>
                    <TrackedMethodRef uid="18" vc="3" />
                    <TrackedMethodRef uid="19" vc="1" />
                    <TrackedMethodRef uid="20" vc="2" />
                  </TrackedMethodRefs>
                </BranchPoint>
                <BranchPoint vc="1" uspid="86" ordinal="3" offset="28" sl="45" path="1" offsetend="48" fileid="4">
                  <TrackedMethodRefs>
                    <TrackedMethodRef uid="19" vc="1" />
                  </TrackedMethodRefs>
                </BranchPoint>
              </BranchPoints>
              <MethodPoint xsi:type="SequencePoint" vc="7" uspid="77" ordinal="0" offset="0" sl="44" sc="9" el="44" ec="10" bec="0" bev="0" fileid="4">
                <TrackedMethodRefs>
                  <TrackedMethodRef uid="18" vc="3" />
                  <TrackedMethodRef uid="19" vc="2" />
                  <TrackedMethodRef uid="20" vc="2" />
                </TrackedMethodRefs>
              </MethodPoint>
            </Method>
            <Method visited="true" cyclomaticComplexity="1" nPathComplexity="0" sequenceCoverage="100" branchCoverage="100" crapScore="1" isConstructor="false" isStatic="false" isGetter="false" isSetter="false">
              <Summary numSequencePoints="3" visitedSequencePoints="3" numBranchPoints="1" visitedBranchPoints="1" sequenceCoverage="100" branchCoverage="100" maxCyclomaticComplexity="1" minCyclomaticComplexity="1" maxCrapScore="1" minCrapScore="1" visitedClasses="0" numClasses="0" visitedMethods="1" numMethods="1" />
              <MetadataToken>100663308</MetadataToken>
              <Name>System.Collections.Generic.IEnumerable`1&lt;T&gt; UnitTests.StubRepository`1::GetAll()</Name>
              <FileRef uid="4" />
              <SequencePoints>
                <SequencePoint vc="14" uspid="87" ordinal="0" offset="0" sl="53" sc="9" el="53" ec="10" bec="0" bev="0" fileid="4">
                  <TrackedMethodRefs>
                    <TrackedMethodRef uid="18" vc="5" />
                    <TrackedMethodRef uid="19" vc="4" />
                    <TrackedMethodRef uid="20" vc="5" />
                  </TrackedMethodRefs>
                </SequencePoint>
                <SequencePoint vc="14" uspid="88" ordinal="1" offset="1" sl="54" sc="13" el="54" ec="25" bec="0" bev="0" fileid="4">
                  <TrackedMethodRefs>
                    <TrackedMethodRef uid="18" vc="5" />
                    <TrackedMethodRef uid="19" vc="4" />
                    <TrackedMethodRef uid="20" vc="5" />
                  </TrackedMethodRefs>
                </SequencePoint>
                <SequencePoint vc="14" uspid="89" ordinal="2" offset="10" sl="55" sc="9" el="55" ec="10" bec="0" bev="0" fileid="4">
                  <TrackedMethodRefs>
                    <TrackedMethodRef uid="18" vc="5" />
                    <TrackedMethodRef uid="19" vc="4" />
                    <TrackedMethodRef uid="20" vc="5" />
                  </TrackedMethodRefs>
                </SequencePoint>
              </SequencePoints>
              <BranchPoints />
              <MethodPoint xsi:type="SequencePoint" vc="14" uspid="87" ordinal="0" offset="0" sl="53" sc="9" el="53" ec="10" bec="0" bev="0" fileid="4">
                <TrackedMethodRefs>
                  <TrackedMethodRef uid="18" vc="5" />
                  <TrackedMethodRef uid="19" vc="4" />
                  <TrackedMethodRef uid="20" vc="5" />
                </TrackedMethodRefs>
              </MethodPoint>
            </Method>
            <Method visited="true" cyclomaticComplexity="3" nPathComplexity="4" sequenceCoverage="50" branchCoverage="40" crapScore="4.12" isConstructor="false" isStatic="false" isGetter="false" isSetter="false">
              <Summary numSequencePoints="14" visitedSequencePoints="7" numBranchPoints="5" visitedBranchPoints="2" sequenceCoverage="50" branchCoverage="40" maxCyclomaticComplexity="3" minCyclomaticComplexity="3" maxCrapScore="4.12" minCrapScore="4.12" visitedClasses="0" numClasses="0" visitedMethods="1" numMethods="1" />
              <MetadataToken>100663309</MetadataToken>
              <Name>System.Void UnitTests.StubRepository`1::Update(T)</Name>
              <FileRef uid="4" />
              <SequencePoints>
                <SequencePoint vc="1" uspid="90" ordinal="0" offset="0" sl="58" sc="9" el="58" ec="10" bec="0" bev="0" fileid="4">
                  <TrackedMethodRefs>
                    <TrackedMethodRef uid="18" vc="1" />
                  </TrackedMethodRefs>
                </SequencePoint>
                <SequencePoint vc="1" uspid="91" ordinal="1" offset="1" sl="62" sc="13" el="62" ec="35" bec="0" bev="0" fileid="4">
                  <TrackedMethodRefs>
                    <TrackedMethodRef uid="18" vc="1" />
                  </TrackedMethodRefs>
                </SequencePoint>
                <SequencePoint vc="1" uspid="92" ordinal="2" offset="13" sl="63" sc="13" el="63" ec="29" bec="2" bev="1" fileid="4">
                  <TrackedMethodRefs>
                    <TrackedMethodRef uid="18" vc="1" />
                  </TrackedMethodRefs>
                </SequencePoint>
                <SequencePoint vc="1" uspid="93" ordinal="3" offset="21" sl="64" sc="13" el="64" ec="14" bec="0" bev="0" fileid="4">
                  <TrackedMethodRefs>
                    <TrackedMethodRef uid="18" vc="1" />
                  </TrackedMethodRefs>
                </SequencePoint>
                <SequencePoint vc="1" uspid="94" ordinal="4" offset="22" sl="65" sc="17" el="65" ec="41" bec="0" bev="0" fileid="4">
                  <TrackedMethodRefs>
                    <TrackedMethodRef uid="18" vc="1" />
                  </TrackedMethodRefs>
                </SequencePoint>
                <SequencePoint vc="1" uspid="95" ordinal="5" offset="43" sl="66" sc="13" el="66" ec="14" bec="0" bev="0" fileid="4">
                  <TrackedMethodRefs>
                    <TrackedMethodRef uid="18" vc="1" />
                  </TrackedMethodRefs>
                </SequencePoint>
                <SequencePoint vc="0" uspid="96" ordinal="6" offset="46" sl="68" sc="13" el="68" ec="14" bec="0" bev="0" fileid="4" />
                <SequencePoint vc="0" uspid="97" ordinal="7" offset="47" sl="69" sc="17" el="69" ec="54" bec="0" bev="0" fileid="4" />
                <SequencePoint vc="0" uspid="98" ordinal="8" offset="59" sl="70" sc="17" el="70" ec="38" bec="2" bev="0" fileid="4" />
                <SequencePoint vc="0" uspid="99" ordinal="9" offset="67" sl="71" sc="17" el="71" ec="18" bec="0" bev="0" fileid="4" />
                <SequencePoint vc="0" uspid="100" ordinal="10" offset="68" sl="72" sc="21" el="72" ec="50" bec="0" bev="0" fileid="4" />
                <SequencePoint vc="0" uspid="101" ordinal="11" offset="89" sl="73" sc="17" el="73" ec="18" bec="0" bev="0" fileid="4" />
                <SequencePoint vc="0" uspid="102" ordinal="12" offset="90" sl="74" sc="13" el="74" ec="14" bec="0" bev="0" fileid="4" />
                <SequencePoint vc="1" uspid="103" ordinal="13" offset="91" sl="75" sc="9" el="75" ec="10" bec="0" bev="0" fileid="4">
                  <TrackedMethodRefs>
                    <TrackedMethodRef uid="18" vc="1" />
                  </TrackedMethodRefs>
                </SequencePoint>
              </SequencePoints>
              <BranchPoints>
                <BranchPoint vc="1" uspid="104" ordinal="0" offset="19" sl="63" path="0" offsetend="21" fileid="4">
                  <TrackedMethodRefs>
                    <TrackedMethodRef uid="18" vc="1" />
                  </TrackedMethodRefs>
                </BranchPoint>
                <BranchPoint vc="0" uspid="105" ordinal="1" offset="19" sl="63" path="1" offsetend="46" fileid="4" />
                <BranchPoint vc="0" uspid="106" ordinal="2" offset="65" sl="70" path="0" offsetend="67" fileid="4" />
                <BranchPoint vc="0" uspid="107" ordinal="3" offset="65" sl="70" path="1" offsetend="90" fileid="4" />
              </BranchPoints>
              <MethodPoint xsi:type="SequencePoint" vc="1" uspid="90" ordinal="0" offset="0" sl="58" sc="9" el="58" ec="10" bec="0" bev="0" fileid="4">
                <TrackedMethodRefs>
                  <TrackedMethodRef uid="18" vc="1" />
                </TrackedMethodRefs>
              </MethodPoint>
            </Method>
          </Methods>
        </Class>
        <Class>
          <Summary numSequencePoints="25" visitedSequencePoints="25" numBranchPoints="7" visitedBranchPoints="7" sequenceCoverage="100" branchCoverage="100" maxCyclomaticComplexity="2" minCyclomaticComplexity="1" maxCrapScore="2" minCrapScore="1" visitedClasses="1" numClasses="1" visitedMethods="3" numMethods="3" />
          <FullName>UnitTests.StubUnitOfWork</FullName>
          <Methods>
            <Method visited="true" cyclomaticComplexity="2" nPathComplexity="2" sequenceCoverage="100" branchCoverage="100" crapScore="2" isConstructor="false" isStatic="false" isGetter="true" isSetter="false">
              <Summary numSequencePoints="14" visitedSequencePoints="14" numBranchPoints="3" visitedBranchPoints="3" sequenceCoverage="100" branchCoverage="100" maxCyclomaticComplexity="2" minCyclomaticComplexity="2" maxCrapScore="2" minCrapScore="2" visitedClasses="0" numClasses="0" visitedMethods="1" numMethods="1" />
              <MetadataToken>100663310</MetadataToken>
              <Name>DataAccessLayer.Interfaces.IRepository`1&lt;DataAccessLayer.Entities.Lot&gt; UnitTests.StubUnitOfWork::get_Lots()</Name>
              <FileRef uid="5" />
              <SequencePoints>
                <SequencePoint vc="11" uspid="108" ordinal="0" offset="0" sl="19" sc="13" el="19" ec="14" bec="0" bev="0" fileid="5">
                  <TrackedMethodRefs>
                    <TrackedMethodRef uid="18" vc="5" />
                    <TrackedMethodRef uid="19" vc="2" />
                    <TrackedMethodRef uid="20" vc="4" />
                  </TrackedMethodRefs>
                </SequencePoint>
                <SequencePoint vc="11" uspid="109" ordinal="1" offset="1" sl="20" sc="17" el="20" ec="34" bec="2" bev="2" fileid="5">
                  <TrackedMethodRefs>
                    <TrackedMethodRef uid="18" vc="5" />
                    <TrackedMethodRef uid="19" vc="2" />
                    <TrackedMethodRef uid="20" vc="4" />
                  </TrackedMethodRefs>
                </SequencePoint>
                <SequencePoint vc="3" uspid="110" ordinal="2" offset="17" sl="21" sc="17" el="21" ec="18" bec="0" bev="0" fileid="5">
                  <TrackedMethodRefs>
                    <TrackedMethodRef uid="18" vc="1" />
                    <TrackedMethodRef uid="19" vc="1" />
                    <TrackedMethodRef uid="20" vc="1" />
                  </TrackedMethodRefs>
                </SequencePoint>
                <SequencePoint vc="3" uspid="111" ordinal="3" offset="18" sl="22" sc="21" el="22" ec="54" bec="0" bev="0" fileid="5">
                  <TrackedMethodRefs>
                    <TrackedMethodRef uid="18" vc="1" />
                    <TrackedMethodRef uid="19" vc="1" />
                    <TrackedMethodRef uid="20" vc="1" />
                  </TrackedMethodRefs>
                </SequencePoint>
                <SequencePoint vc="3" uspid="112" ordinal="4" offset="29" sl="23" sc="21" el="23" ec="63" bec="0" bev="0" fileid="5">
                  <TrackedMethodRefs>
                    <TrackedMethodRef uid="18" vc="1" />
                    <TrackedMethodRef uid="19" vc="1" />
                    <TrackedMethodRef uid="20" vc="1" />
                  </TrackedMethodRefs>
                </SequencePoint>
                <SequencePoint vc="3" uspid="113" ordinal="5" offset="42" sl="24" sc="21" el="36" ec="23" bec="0" bev="0" fileid="5">
                  <TrackedMethodRefs>
                    <TrackedMethodRef uid="18" vc="1" />
                    <TrackedMethodRef uid="19" vc="1" />
                    <TrackedMethodRef uid="20" vc="1" />
                  </TrackedMethodRefs>
                </SequencePoint>
                <SequencePoint vc="3" uspid="114" ordinal="6" offset="170" sl="37" sc="21" el="37" ec="42" bec="0" bev="0" fileid="5">
                  <TrackedMethodRefs>
                    <TrackedMethodRef uid="18" vc="1" />
                    <TrackedMethodRef uid="19" vc="1" />
                    <TrackedMethodRef uid="20" vc="1" />
                  </TrackedMethodRefs>
                </SequencePoint>
                <SequencePoint vc="3" uspid="115" ordinal="7" offset="183" sl="38" sc="21" el="50" ec="23" bec="0" bev="0" fileid="5">
                  <TrackedMethodRefs>
                    <TrackedMethodRef uid="18" vc="1" />
                    <TrackedMethodRef uid="19" vc="1" />
                    <TrackedMethodRef uid="20" vc="1" />
                  </TrackedMethodRefs>
                </SequencePoint>
                <SequencePoint vc="3" uspid="116" ordinal="8" offset="311" sl="51" sc="21" el="51" ec="42" bec="0" bev="0" fileid="5">
                  <TrackedMethodRefs>
                    <TrackedMethodRef uid="18" vc="1" />
                    <TrackedMethodRef uid="19" vc="1" />
                    <TrackedMethodRef uid="20" vc="1" />
                  </TrackedMethodRefs>
                </SequencePoint>
                <SequencePoint vc="3" uspid="117" ordinal="9" offset="324" sl="52" sc="21" el="64" ec="23" bec="0" bev="0" fileid="5">
                  <TrackedMethodRefs>
                    <TrackedMethodRef uid="18" vc="1" />
                    <TrackedMethodRef uid="19" vc="1" />
                    <TrackedMethodRef uid="20" vc="1" />
                  </TrackedMethodRefs>
                </SequencePoint>
                <SequencePoint vc="3" uspid="118" ordinal="10" offset="452" sl="65" sc="21" el="65" ec="42" bec="0" bev="0" fileid="5">
                  <TrackedMethodRefs>
                    <TrackedMethodRef uid="18" vc="1" />
                    <TrackedMethodRef uid="19" vc="1" />
                    <TrackedMethodRef uid="20" vc="1" />
                  </TrackedMethodRefs>
                </SequencePoint>
                <SequencePoint vc="3" uspid="119" ordinal="11" offset="465" sl="66" sc="17" el="66" ec="18" bec="0" bev="0" fileid="5">
                  <TrackedMethodRefs>
                    <TrackedMethodRef uid="18" vc="1" />
                    <TrackedMethodRef uid="19" vc="1" />
                    <TrackedMethodRef uid="20" vc="1" />
                  </TrackedMethodRefs>
                </SequencePoint>
                <SequencePoint vc="11" uspid="120" ordinal="12" offset="466" sl="67" sc="17" el="67" ec="29" bec="0" bev="0" fileid="5">
                  <TrackedMethodRefs>
                    <TrackedMethodRef uid="18" vc="5" />
                    <TrackedMethodRef uid="19" vc="2" />
                    <TrackedMethodRef uid="20" vc="4" />
                  </TrackedMethodRefs>
                </SequencePoint>
                <SequencePoint vc="11" uspid="121" ordinal="13" offset="475" sl="68" sc="13" el="68" ec="14" bec="0" bev="0" fileid="5">
                  <TrackedMethodRefs>
                    <TrackedMethodRef uid="18" vc="5" />
                    <TrackedMethodRef uid="19" vc="2" />
                    <TrackedMethodRef uid="20" vc="4" />
                  </TrackedMethodRefs>
                </SequencePoint>
              </SequencePoints>
              <BranchPoints>
                <BranchPoint vc="3" uspid="122" ordinal="0" offset="12" sl="20" path="0" offsetend="17" fileid="5">
                  <TrackedMethodRefs>
                    <TrackedMethodRef uid="18" vc="1" />
                    <TrackedMethodRef uid="19" vc="1" />
                    <TrackedMethodRef uid="20" vc="1" />
                  </TrackedMethodRefs>
                </BranchPoint>
                <BranchPoint vc="8" uspid="123" ordinal="1" offset="12" sl="20" path="1" offsetend="466" fileid="5">
                  <TrackedMethodRefs>
                    <TrackedMethodRef uid="18" vc="4" />
                    <TrackedMethodRef uid="19" vc="1" />
                    <TrackedMethodRef uid="20" vc="3" />
                  </TrackedMethodRefs>
                </BranchPoint>
              </BranchPoints>
              <MethodPoint xsi:type="SequencePoint" vc="11" uspid="108" ordinal="0" offset="0" sl="19" sc="13" el="19" ec="14" bec="0" bev="0" fileid="5">
                <TrackedMethodRefs>
                  <TrackedMethodRef uid="18" vc="5" />
                  <TrackedMethodRef uid="19" vc="2" />
                  <TrackedMethodRef uid="20" vc="4" />
                </TrackedMethodRefs>
              </MethodPoint>
            </Method>
            <Method visited="true" cyclomaticComplexity="2" nPathComplexity="2" sequenceCoverage="100" branchCoverage="100" crapScore="2" isConstructor="false" isStatic="false" isGetter="true" isSetter="false">
              <Summary numSequencePoints="9" visitedSequencePoints="9" numBranchPoints="3" visitedBranchPoints="3" sequenceCoverage="100" branchCoverage="100" maxCyclomaticComplexity="2" minCyclomaticComplexity="2" maxCrapScore="2" minCrapScore="2" visitedClasses="0" numClasses="0" visitedMethods="1" numMethods="1" />
              <MetadataToken>100663311</MetadataToken>
              <Name>DataAccessLayer.Interfaces.IRepository`1&lt;DataAccessLayer.Entities.Category&gt; UnitTests.StubUnitOfWork::get_Categories()</Name>
              <FileRef uid="5" />
              <SequencePoints>
                <SequencePoint vc="5" uspid="124" ordinal="0" offset="0" sl="74" sc="13" el="74" ec="14" bec="0" bev="0" fileid="5">
                  <TrackedMethodRefs>
                    <TrackedMethodRef uid="18" vc="2" />
                    <TrackedMethodRef uid="19" vc="1" />
                    <TrackedMethodRef uid="20" vc="2" />
                  </TrackedMethodRefs>
                </SequencePoint>
                <SequencePoint vc="5" uspid="125" ordinal="1" offset="1" sl="75" sc="17" el="75" ec="40" bec="2" bev="2" fileid="5">
                  <TrackedMethodRefs>
                    <TrackedMethodRef uid="18" vc="2" />
                    <TrackedMethodRef uid="19" vc="1" />
                    <TrackedMethodRef uid="20" vc="2" />
                  </TrackedMethodRefs>
                </SequencePoint>
                <SequencePoint vc="3" uspid="126" ordinal="2" offset="14" sl="76" sc="17" el="76" ec="18" bec="0" bev="0" fileid="5">
                  <TrackedMethodRefs>
                    <TrackedMethodRef uid="18" vc="1" />
                    <TrackedMethodRef uid="19" vc="1" />
                    <TrackedMethodRef uid="20" vc="1" />
                  </TrackedMethodRefs>
                </SequencePoint>
                <SequencePoint vc="3" uspid="127" ordinal="3" offset="15" sl="77" sc="21" el="77" ec="65" bec="0" bev="0" fileid="5">
                  <TrackedMethodRefs>
                    <TrackedMethodRef uid="18" vc="1" />
                    <TrackedMethodRef uid="19" vc="1" />
                    <TrackedMethodRef uid="20" vc="1" />
                  </TrackedMethodRefs>
                </SequencePoint>
                <SequencePoint vc="3" uspid="128" ordinal="4" offset="26" sl="78" sc="21" el="82" ec="23" bec="0" bev="0" fileid="5">
                  <TrackedMethodRefs>
                    <TrackedMethodRef uid="18" vc="1" />
                    <TrackedMethodRef uid="19" vc="1" />
                    <TrackedMethodRef uid="20" vc="1" />
                  </TrackedMethodRefs>
                </SequencePoint>
                <SequencePoint vc="3" uspid="129" ordinal="5" offset="52" sl="83" sc="21" el="83" ec="49" bec="0" bev="0" fileid="5">
                  <TrackedMethodRefs>
                    <TrackedMethodRef uid="18" vc="1" />
                    <TrackedMethodRef uid="19" vc="1" />
                    <TrackedMethodRef uid="20" vc="1" />
                  </TrackedMethodRefs>
                </SequencePoint>
                <SequencePoint vc="3" uspid="130" ordinal="6" offset="65" sl="84" sc="17" el="84" ec="18" bec="0" bev="0" fileid="5">
                  <TrackedMethodRefs>
                    <TrackedMethodRef uid="18" vc="1" />
                    <TrackedMethodRef uid="19" vc="1" />
                    <TrackedMethodRef uid="20" vc="1" />
                  </TrackedMethodRefs>
                </SequencePoint>
                <SequencePoint vc="5" uspid="131" ordinal="7" offset="66" sl="85" sc="17" el="85" ec="35" bec="0" bev="0" fileid="5">
                  <TrackedMethodRefs>
                    <TrackedMethodRef uid="18" vc="2" />
                    <TrackedMethodRef uid="19" vc="1" />
                    <TrackedMethodRef uid="20" vc="2" />
                  </TrackedMethodRefs>
                </SequencePoint>
                <SequencePoint vc="5" uspid="132" ordinal="8" offset="75" sl="86" sc="13" el="86" ec="14" bec="0" bev="0" fileid="5">
                  <TrackedMethodRefs>
                    <TrackedMethodRef uid="18" vc="2" />
                    <TrackedMethodRef uid="19" vc="1" />
                    <TrackedMethodRef uid="20" vc="2" />
                  </TrackedMethodRefs>
                </SequencePoint>
              </SequencePoints>
              <BranchPoints>
                <BranchPoint vc="3" uspid="133" ordinal="0" offset="12" sl="75" path="0" offsetend="14" fileid="5">
                  <TrackedMethodRefs>
                    <TrackedMethodRef uid="18" vc="1" />
                    <TrackedMethodRef uid="19" vc="1" />
                    <TrackedMethodRef uid="20" vc="1" />
                  </TrackedMethodRefs>
                </BranchPoint>
                <BranchPoint vc="2" uspid="134" ordinal="1" offset="12" sl="75" path="1" offsetend="66" fileid="5">
                  <TrackedMethodRefs>
                    <TrackedMethodRef uid="18" vc="1" />
                    <TrackedMethodRef uid="20" vc="1" />
                  </TrackedMethodRefs>
                </BranchPoint>
              </BranchPoints>
              <MethodPoint xsi:type="SequencePoint" vc="5" uspid="124" ordinal="0" offset="0" sl="74" sc="13" el="74" ec="14" bec="0" bev="0" fileid="5">
                <TrackedMethodRefs>
                  <TrackedMethodRef uid="18" vc="2" />
                  <TrackedMethodRef uid="19" vc="1" />
                  <TrackedMethodRef uid="20" vc="2" />
                </TrackedMethodRefs>
              </MethodPoint>
            </Method>
            <Method visited="true" cyclomaticComplexity="1" nPathComplexity="0" sequenceCoverage="100" branchCoverage="100" crapScore="1" isConstructor="false" isStatic="false" isGetter="false" isSetter="false">
              <Summary numSequencePoints="2" visitedSequencePoints="2" numBranchPoints="1" visitedBranchPoints="1" sequenceCoverage="100" branchCoverage="100" maxCyclomaticComplexity="1" minCyclomaticComplexity="1" maxCrapScore="1" minCrapScore="1" visitedClasses="0" numClasses="0" visitedMethods="1" numMethods="1" />
              <MetadataToken>100663312</MetadataToken>
              <Name>System.Void UnitTests.StubUnitOfWork::Save()</Name>
              <FileRef uid="5" />
              <SequencePoints>
                <SequencePoint vc="2" uspid="135" ordinal="0" offset="0" sl="90" sc="9" el="90" ec="10" bec="0" bev="0" fileid="5">
                  <TrackedMethodRefs>
                    <TrackedMethodRef uid="18" vc="1" />
                    <TrackedMethodRef uid="20" vc="1" />
                  </TrackedMethodRefs>
                </SequencePoint>
                <SequencePoint vc="2" uspid="136" ordinal="1" offset="1" sl="92" sc="9" el="92" ec="10" bec="0" bev="0" fileid="5">
                  <TrackedMethodRefs>
                    <TrackedMethodRef uid="18" vc="1" />
                    <TrackedMethodRef uid="20" vc="1" />
                  </TrackedMethodRefs>
                </SequencePoint>
              </SequencePoints>
              <BranchPoints />
              <MethodPoint xsi:type="SequencePoint" vc="2" uspid="135" ordinal="0" offset="0" sl="90" sc="9" el="90" ec="10" bec="0" bev="0" fileid="5">
                <TrackedMethodRefs>
                  <TrackedMethodRef uid="18" vc="1" />
                  <TrackedMethodRef uid="20" vc="1" />
                </TrackedMethodRefs>
              </MethodPoint>
            </Method>
            <Method visited="false" cyclomaticComplexity="1" nPathComplexity="0" sequenceCoverage="0" branchCoverage="0" crapScore="2" isConstructor="true" isStatic="false" isGetter="false" isSetter="false">
              <Summary numSequencePoints="0" visitedSequencePoints="0" numBranchPoints="0" visitedBranchPoints="0" sequenceCoverage="0" branchCoverage="0" maxCyclomaticComplexity="1" minCyclomaticComplexity="1" maxCrapScore="2" minCrapScore="2" visitedClasses="0" numClasses="0" visitedMethods="0" numMethods="0" />
              <MetadataToken>100663313</MetadataToken>
              <Name>System.Void UnitTests.StubUnitOfWork::.ctor()</Name>
              <SequencePoints />
              <BranchPoints />
              <MethodPoint vc="0" uspid="137" ordinal="0" offset="0" />
            </Method>
          </Methods>
        </Class>
        <Class>
          <Summary numSequencePoints="61" visitedSequencePoints="0" numBranchPoints="8" visitedBranchPoints="0" sequenceCoverage="0" branchCoverage="0" maxCyclomaticComplexity="2" minCyclomaticComplexity="1" maxCrapScore="6" minCrapScore="2" visitedClasses="0" numClasses="1" visitedMethods="0" numMethods="6" />
          <FullName>UnitTests.SearchServiceTests</FullName>
          <Methods>
            <Method visited="false" cyclomaticComplexity="2" nPathComplexity="2" sequenceCoverage="0" branchCoverage="0" crapScore="6" isConstructor="false" isStatic="false" isGetter="false" isSetter="false">
              <Summary numSequencePoints="20" visitedSequencePoints="0" numBranchPoints="3" visitedBranchPoints="0" sequenceCoverage="0" branchCoverage="0" maxCyclomaticComplexity="2" minCyclomaticComplexity="2" maxCrapScore="6" minCrapScore="6" visitedClasses="0" numClasses="0" visitedMethods="0" numMethods="1" />
              <MetadataToken>100663314</MetadataToken>
              <Name>System.Void UnitTests.SearchServiceTests::GetAllTest()</Name>
              <FileRef uid="6" />
              <SequencePoints>
                <SequencePoint vc="0" uspid="138" ordinal="0" offset="0" sl="18" sc="9" el="18" ec="10" bec="0" bev="0" fileid="6" />
                <SequencePoint vc="0" uspid="139" ordinal="1" offset="1" sl="19" sc="13" el="19" ec="55" bec="0" bev="0" fileid="6" />
                <SequencePoint vc="0" uspid="140" ordinal="2" offset="7" sl="21" sc="13" el="21" ec="66" bec="0" bev="0" fileid="6" />
                <SequencePoint vc="0" uspid="141" ordinal="3" offset="14" sl="23" sc="13" el="23" ec="61" bec="0" bev="0" fileid="6" />
                <SequencePoint vc="0" uspid="142" ordinal="4" offset="31" sl="25" sc="13" el="25" ec="65" bec="0" bev="0" fileid="6" />
                <SequencePoint vc="0" uspid="143" ordinal="5" offset="43" sl="27" sc="13" el="27" ec="57" bec="0" bev="0" fileid="6" />
                <SequencePoint vc="0" uspid="144" ordinal="6" offset="61" sl="29" sc="18" el="29" ec="27" bec="0" bev="0" fileid="6" />
                <SequencePoint vc="0" uspid="145" ordinal="7" offset="69" sl="30" sc="13" el="30" ec="14" bec="0" bev="0" fileid="6" />
                <SequencePoint vc="0" uspid="146" ordinal="8" offset="70" sl="31" sc="17" el="31" ec="65" bec="0" bev="0" fileid="6" />
                <SequencePoint vc="0" uspid="147" ordinal="9" offset="107" sl="32" sc="17" el="32" ec="77" bec="0" bev="0" fileid="6" />
                <SequencePoint vc="0" uspid="148" ordinal="10" offset="149" sl="33" sc="17" el="33" ec="75" bec="0" bev="0" fileid="6" />
                <SequencePoint vc="0" uspid="149" ordinal="11" offset="191" sl="34" sc="17" el="34" ec="79" bec="0" bev="0" fileid="6" />
                <SequencePoint vc="0" uspid="150" ordinal="12" offset="233" sl="35" sc="17" el="35" ec="75" bec="0" bev="0" fileid="6" />
                <SequencePoint vc="0" uspid="151" ordinal="13" offset="267" sl="36" sc="17" el="36" ec="69" bec="0" bev="0" fileid="6" />
                <SequencePoint vc="0" uspid="152" ordinal="14" offset="301" sl="37" sc="17" el="37" ec="79" bec="0" bev="0" fileid="6" />
                <SequencePoint vc="0" uspid="153" ordinal="15" offset="338" sl="38" sc="17" el="38" ec="82" bec="0" bev="0" fileid="6" />
                <SequencePoint vc="0" uspid="154" ordinal="16" offset="380" sl="39" sc="13" el="39" ec="14" bec="0" bev="0" fileid="6" />
                <SequencePoint vc="0" uspid="155" ordinal="17" offset="381" sl="29" sc="45" el="29" ec="48" bec="0" bev="0" fileid="6" />
                <SequencePoint vc="0" uspid="156" ordinal="18" offset="387" sl="29" sc="29" el="29" ec="43" bec="2" bev="0" fileid="6" />
                <SequencePoint vc="0" uspid="157" ordinal="19" offset="406" sl="40" sc="9" el="40" ec="10" bec="0" bev="0" fileid="6" />
              </SequencePoints>
              <BranchPoints>
                <BranchPoint vc="0" uspid="158" ordinal="0" offset="401" sl="29" path="0" offsetend="406" fileid="6" />
                <BranchPoint vc="0" uspid="159" ordinal="1" offset="401" sl="29" path="1" offsetend="69" fileid="6" />
              </BranchPoints>
              <MethodPoint xsi:type="SequencePoint" vc="0" uspid="138" ordinal="0" offset="0" sl="18" sc="9" el="18" ec="10" bec="0" bev="0" fileid="6" />
            </Method>
            <Method visited="false" cyclomaticComplexity="1" nPathComplexity="0" sequenceCoverage="0" branchCoverage="0" crapScore="2" isConstructor="false" isStatic="false" isGetter="false" isSetter="false">
              <Summary numSequencePoints="14" visitedSequencePoints="0" numBranchPoints="1" visitedBranchPoints="0" sequenceCoverage="0" branchCoverage="0" maxCyclomaticComplexity="1" minCyclomaticComplexity="1" maxCrapScore="2" minCrapScore="2" visitedClasses="0" numClasses="0" visitedMethods="0" numMethods="1" />
              <MetadataToken>100663315</MetadataToken>
              <Name>System.Void UnitTests.SearchServiceTests::GetTest()</Name>
              <FileRef uid="6" />
              <SequencePoints>
                <SequencePoint vc="0" uspid="160" ordinal="0" offset="0" sl="44" sc="9" el="44" ec="10" bec="0" bev="0" fileid="6" />
                <SequencePoint vc="0" uspid="161" ordinal="1" offset="1" sl="45" sc="13" el="45" ec="55" bec="0" bev="0" fileid="6" />
                <SequencePoint vc="0" uspid="162" ordinal="2" offset="7" sl="47" sc="13" el="47" ec="66" bec="0" bev="0" fileid="6" />
                <SequencePoint vc="0" uspid="163" ordinal="3" offset="14" sl="49" sc="13" el="49" ec="43" bec="0" bev="0" fileid="6" />
                <SequencePoint vc="0" uspid="164" ordinal="4" offset="27" sl="51" sc="13" el="51" ec="47" bec="0" bev="0" fileid="6" />
                <SequencePoint vc="0" uspid="165" ordinal="5" offset="40" sl="53" sc="13" el="53" ec="53" bec="0" bev="0" fileid="6" />
                <SequencePoint vc="0" uspid="166" ordinal="6" offset="63" sl="54" sc="13" el="54" ec="65" bec="0" bev="0" fileid="6" />
                <SequencePoint vc="0" uspid="167" ordinal="7" offset="91" sl="55" sc="13" el="55" ec="63" bec="0" bev="0" fileid="6" />
                <SequencePoint vc="0" uspid="168" ordinal="8" offset="119" sl="56" sc="13" el="56" ec="67" bec="0" bev="0" fileid="6" />
                <SequencePoint vc="0" uspid="169" ordinal="9" offset="147" sl="57" sc="13" el="57" ec="63" bec="0" bev="0" fileid="6" />
                <SequencePoint vc="0" uspid="170" ordinal="10" offset="167" sl="58" sc="13" el="58" ec="57" bec="0" bev="0" fileid="6" />
                <SequencePoint vc="0" uspid="171" ordinal="11" offset="187" sl="59" sc="13" el="59" ec="67" bec="0" bev="0" fileid="6" />
                <SequencePoint vc="0" uspid="172" ordinal="12" offset="210" sl="60" sc="13" el="60" ec="70" bec="0" bev="0" fileid="6" />
                <SequencePoint vc="0" uspid="173" ordinal="13" offset="238" sl="61" sc="9" el="61" ec="10" bec="0" bev="0" fileid="6" />
              </SequencePoints>
              <BranchPoints />
              <MethodPoint xsi:type="SequencePoint" vc="0" uspid="160" ordinal="0" offset="0" sl="44" sc="9" el="44" ec="10" bec="0" bev="0" fileid="6" />
            </Method>
            <Method visited="false" cyclomaticComplexity="1" nPathComplexity="0" sequenceCoverage="0" branchCoverage="0" crapScore="2" isConstructor="false" isStatic="false" isGetter="false" isSetter="false">
              <Summary numSequencePoints="5" visitedSequencePoints="0" numBranchPoints="1" visitedBranchPoints="0" sequenceCoverage="0" branchCoverage="0" maxCyclomaticComplexity="1" minCyclomaticComplexity="1" maxCrapScore="2" minCrapScore="2" visitedClasses="0" numClasses="0" visitedMethods="0" numMethods="1" />
              <MetadataToken>100663316</MetadataToken>
              <Name>System.Void UnitTests.SearchServiceTests::GetTestException1()</Name>
              <FileRef uid="6" />
              <SequencePoints>
                <SequencePoint vc="0" uspid="174" ordinal="0" offset="6" sl="65" sc="9" el="65" ec="10" bec="0" bev="0" fileid="6" />
                <SequencePoint vc="0" uspid="175" ordinal="1" offset="7" sl="66" sc="13" el="66" ec="55" bec="0" bev="0" fileid="6" />
                <SequencePoint vc="0" uspid="176" ordinal="2" offset="13" sl="68" sc="13" el="68" ec="66" bec="0" bev="0" fileid="6" />
                <SequencePoint vc="0" uspid="177" ordinal="3" offset="25" sl="70" sc="13" el="70" ec="88" bec="0" bev="0" fileid="6" />
                <SequencePoint vc="0" uspid="178" ordinal="4" offset="43" sl="71" sc="9" el="71" ec="10" bec="0" bev="0" fileid="6" />
              </SequencePoints>
              <BranchPoints />
              <MethodPoint vc="0" uspid="179" ordinal="0" offset="0" />
            </Method>
            <Method visited="false" cyclomaticComplexity="1" nPathComplexity="0" sequenceCoverage="0" branchCoverage="0" crapScore="2" isConstructor="false" isStatic="false" isGetter="false" isSetter="false">
              <Summary numSequencePoints="5" visitedSequencePoints="0" numBranchPoints="1" visitedBranchPoints="0" sequenceCoverage="0" branchCoverage="0" maxCyclomaticComplexity="1" minCyclomaticComplexity="1" maxCrapScore="2" minCrapScore="2" visitedClasses="0" numClasses="0" visitedMethods="0" numMethods="1" />
              <MetadataToken>100663317</MetadataToken>
              <Name>System.Void UnitTests.SearchServiceTests::GetTestException2()</Name>
              <FileRef uid="6" />
              <SequencePoints>
                <SequencePoint vc="0" uspid="180" ordinal="0" offset="6" sl="75" sc="9" el="75" ec="10" bec="0" bev="0" fileid="6" />
                <SequencePoint vc="0" uspid="181" ordinal="1" offset="7" sl="76" sc="13" el="76" ec="55" bec="0" bev="0" fileid="6" />
                <SequencePoint vc="0" uspid="182" ordinal="2" offset="18" sl="78" sc="13" el="78" ec="66" bec="0" bev="0" fileid="6" />
                <SequencePoint vc="0" uspid="183" ordinal="3" offset="35" sl="80" sc="13" el="80" ec="115" bec="0" bev="0" fileid="6" />
                <SequencePoint vc="0" uspid="184" ordinal="4" offset="53" sl="81" sc="9" el="81" ec="10" bec="0" bev="0" fileid="6" />
              </SequencePoints>
              <BranchPoints />
              <MethodPoint vc="0" uspid="185" ordinal="0" offset="0" />
            </Method>
            <Method visited="false" cyclomaticComplexity="1" nPathComplexity="0" sequenceCoverage="0" branchCoverage="0" crapScore="2" isConstructor="false" isStatic="false" isGetter="false" isSetter="false">
              <Summary numSequencePoints="15" visitedSequencePoints="0" numBranchPoints="1" visitedBranchPoints="0" sequenceCoverage="0" branchCoverage="0" maxCyclomaticComplexity="1" minCyclomaticComplexity="1" maxCrapScore="2" minCrapScore="2" visitedClasses="0" numClasses="0" visitedMethods="0" numMethods="1" />
              <MetadataToken>100663318</MetadataToken>
              <Name>System.Void UnitTests.SearchServiceTests::FindByWordTest()</Name>
              <FileRef uid="6" />
              <SequencePoints>
                <SequencePoint vc="0" uspid="186" ordinal="0" offset="6" sl="85" sc="9" el="85" ec="10" bec="0" bev="0" fileid="6" />
                <SequencePoint vc="0" uspid="187" ordinal="1" offset="7" sl="86" sc="13" el="86" ec="55" bec="0" bev="0" fileid="6" />
                <SequencePoint vc="0" uspid="188" ordinal="2" offset="13" sl="88" sc="13" el="88" ec="66" bec="0" bev="0" fileid="6" />
                <SequencePoint vc="0" uspid="189" ordinal="3" offset="20" sl="90" sc="13" el="90" ec="37" bec="0" bev="0" fileid="6" />
                <SequencePoint vc="0" uspid="190" ordinal="4" offset="31" sl="92" sc="13" el="92" ec="89" bec="0" bev="0" fileid="6" />
                <SequencePoint vc="0" uspid="191" ordinal="5" offset="60" sl="94" sc="13" el="94" ec="77" bec="0" bev="0" fileid="6" />
                <SequencePoint vc="0" uspid="192" ordinal="6" offset="79" sl="96" sc="13" el="96" ec="53" bec="0" bev="0" fileid="6" />
                <SequencePoint vc="0" uspid="193" ordinal="7" offset="103" sl="97" sc="13" el="97" ec="65" bec="0" bev="0" fileid="6" />
                <SequencePoint vc="0" uspid="194" ordinal="8" offset="132" sl="98" sc="13" el="98" ec="63" bec="0" bev="0" fileid="6" />
                <SequencePoint vc="0" uspid="195" ordinal="9" offset="161" sl="99" sc="13" el="99" ec="67" bec="0" bev="0" fileid="6" />
                <SequencePoint vc="0" uspid="196" ordinal="10" offset="190" sl="100" sc="13" el="100" ec="63" bec="0" bev="0" fileid="6" />
                <SequencePoint vc="0" uspid="197" ordinal="11" offset="211" sl="101" sc="13" el="101" ec="57" bec="0" bev="0" fileid="6" />
                <SequencePoint vc="0" uspid="198" ordinal="12" offset="232" sl="102" sc="13" el="102" ec="67" bec="0" bev="0" fileid="6" />
                <SequencePoint vc="0" uspid="199" ordinal="13" offset="256" sl="103" sc="13" el="103" ec="70" bec="0" bev="0" fileid="6" />
                <SequencePoint vc="0" uspid="200" ordinal="14" offset="285" sl="104" sc="9" el="104" ec="10" bec="0" bev="0" fileid="6" />
              </SequencePoints>
              <BranchPoints />
              <MethodPoint vc="0" uspid="201" ordinal="0" offset="0" />
            </Method>
            <Method visited="false" cyclomaticComplexity="1" nPathComplexity="0" sequenceCoverage="0" branchCoverage="0" crapScore="2" isConstructor="false" isStatic="false" isGetter="false" isSetter="false">
              <Summary numSequencePoints="2" visitedSequencePoints="0" numBranchPoints="1" visitedBranchPoints="0" sequenceCoverage="0" branchCoverage="0" maxCyclomaticComplexity="1" minCyclomaticComplexity="1" maxCrapScore="2" minCrapScore="2" visitedClasses="0" numClasses="0" visitedMethods="0" numMethods="1" />
              <MetadataToken>100663319</MetadataToken>
              <Name>System.Void UnitTests.SearchServiceTests::FindByCategory()</Name>
              <FileRef uid="6" />
              <SequencePoints>
                <SequencePoint vc="0" uspid="202" ordinal="0" offset="0" sl="108" sc="9" el="108" ec="10" bec="0" bev="0" fileid="6" />
                <SequencePoint vc="0" uspid="203" ordinal="1" offset="1" sl="110" sc="9" el="110" ec="10" bec="0" bev="0" fileid="6" />
              </SequencePoints>
              <BranchPoints />
              <MethodPoint xsi:type="SequencePoint" vc="0" uspid="202" ordinal="0" offset="0" sl="108" sc="9" el="108" ec="10" bec="0" bev="0" fileid="6" />
            </Method>
            <Method visited="false" cyclomaticComplexity="1" nPathComplexity="0" sequenceCoverage="0" branchCoverage="0" crapScore="2" isConstructor="true" isStatic="false" isGetter="false" isSetter="false">
              <Summary numSequencePoints="0" visitedSequencePoints="0" numBranchPoints="0" visitedBranchPoints="0" sequenceCoverage="0" branchCoverage="0" maxCyclomaticComplexity="1" minCyclomaticComplexity="1" maxCrapScore="2" minCrapScore="2" visitedClasses="0" numClasses="0" visitedMethods="0" numMethods="0" />
              <MetadataToken>100663320</MetadataToken>
              <Name>System.Void UnitTests.SearchServiceTests::.ctor()</Name>
              <SequencePoints />
              <BranchPoints />
              <MethodPoint vc="0" uspid="204" ordinal="0" offset="0" />
            </Method>
          </Methods>
        </Class>
        <Class>
          <Summary numSequencePoints="1" visitedSequencePoints="0" numBranchPoints="1" visitedBranchPoints="0" sequenceCoverage="0" branchCoverage="0" maxCyclomaticComplexity="1" minCyclomaticComplexity="1" maxCrapScore="2" minCrapScore="2" visitedClasses="0" numClasses="1" visitedMethods="0" numMethods="1" />
          <FullName>UnitTests.SearchServiceTests/&lt;&gt;c__DisplayClass2_0</FullName>
          <Methods>
            <Method visited="false" cyclomaticComplexity="1" nPathComplexity="0" sequenceCoverage="0" branchCoverage="0" crapScore="2" isConstructor="true" isStatic="false" isGetter="false" isSetter="false">
              <Summary numSequencePoints="0" visitedSequencePoints="0" numBranchPoints="0" visitedBranchPoints="0" sequenceCoverage="0" branchCoverage="0" maxCyclomaticComplexity="1" minCyclomaticComplexity="1" maxCrapScore="2" minCrapScore="2" visitedClasses="0" numClasses="0" visitedMethods="0" numMethods="0" />
              <MetadataToken>100663337</MetadataToken>
              <Name>System.Void UnitTests.SearchServiceTests/&lt;&gt;c__DisplayClass2_0::.ctor()</Name>
              <SequencePoints />
              <BranchPoints />
              <MethodPoint vc="0" uspid="205" ordinal="0" offset="0" />
            </Method>
            <Method visited="false" cyclomaticComplexity="1" nPathComplexity="0" sequenceCoverage="0" branchCoverage="0" crapScore="2" isConstructor="false" isStatic="false" isGetter="false" isSetter="false">
              <Summary numSequencePoints="1" visitedSequencePoints="0" numBranchPoints="1" visitedBranchPoints="0" sequenceCoverage="0" branchCoverage="0" maxCyclomaticComplexity="1" minCyclomaticComplexity="1" maxCrapScore="2" minCrapScore="2" visitedClasses="0" numClasses="0" visitedMethods="0" numMethods="1" />
              <MetadataToken>100663338</MetadataToken>
              <Name>System.Object UnitTests.SearchServiceTests/&lt;&gt;c__DisplayClass2_0::&lt;GetTestException1&gt;b__0()</Name>
              <FileRef uid="6" />
              <SequencePoints>
                <SequencePoint vc="0" uspid="206" ordinal="0" offset="0" sl="70" sc="63" el="70" ec="86" bec="0" bev="0" fileid="6" />
              </SequencePoints>
              <BranchPoints />
              <MethodPoint xsi:type="SequencePoint" vc="0" uspid="206" ordinal="0" offset="0" sl="70" sc="63" el="70" ec="86" bec="0" bev="0" fileid="6" />
            </Method>
          </Methods>
        </Class>
        <Class>
          <Summary numSequencePoints="1" visitedSequencePoints="0" numBranchPoints="1" visitedBranchPoints="0" sequenceCoverage="0" branchCoverage="0" maxCyclomaticComplexity="1" minCyclomaticComplexity="1" maxCrapScore="2" minCrapScore="2" visitedClasses="0" numClasses="1" visitedMethods="0" numMethods="1" />
          <FullName>UnitTests.SearchServiceTests/&lt;&gt;c__DisplayClass3_0</FullName>
          <Methods>
            <Method visited="false" cyclomaticComplexity="1" nPathComplexity="0" sequenceCoverage="0" branchCoverage="0" crapScore="2" isConstructor="true" isStatic="false" isGetter="false" isSetter="false">
              <Summary numSequencePoints="0" visitedSequencePoints="0" numBranchPoints="0" visitedBranchPoints="0" sequenceCoverage="0" branchCoverage="0" maxCyclomaticComplexity="1" minCyclomaticComplexity="1" maxCrapScore="2" minCrapScore="2" visitedClasses="0" numClasses="0" visitedMethods="0" numMethods="0" />
              <MetadataToken>100663339</MetadataToken>
              <Name>System.Void UnitTests.SearchServiceTests/&lt;&gt;c__DisplayClass3_0::.ctor()</Name>
              <SequencePoints />
              <BranchPoints />
              <MethodPoint vc="0" uspid="207" ordinal="0" offset="0" />
            </Method>
            <Method visited="false" cyclomaticComplexity="1" nPathComplexity="0" sequenceCoverage="0" branchCoverage="0" crapScore="2" isConstructor="false" isStatic="false" isGetter="false" isSetter="false">
              <Summary numSequencePoints="1" visitedSequencePoints="0" numBranchPoints="1" visitedBranchPoints="0" sequenceCoverage="0" branchCoverage="0" maxCyclomaticComplexity="1" minCyclomaticComplexity="1" maxCrapScore="2" minCrapScore="2" visitedClasses="0" numClasses="0" visitedMethods="0" numMethods="1" />
              <MetadataToken>100663340</MetadataToken>
              <Name>System.Object UnitTests.SearchServiceTests/&lt;&gt;c__DisplayClass3_0::&lt;GetTestException2&gt;b__0()</Name>
              <FileRef uid="6" />
              <SequencePoints>
                <SequencePoint vc="0" uspid="208" ordinal="0" offset="0" sl="80" sc="65" el="80" ec="113" bec="0" bev="0" fileid="6" />
              </SequencePoints>
              <BranchPoints />
              <MethodPoint xsi:type="SequencePoint" vc="0" uspid="208" ordinal="0" offset="0" sl="80" sc="65" el="80" ec="113" bec="0" bev="0" fileid="6" />
            </Method>
          </Methods>
        </Class>
        <Class>
          <Summary numSequencePoints="1" visitedSequencePoints="0" numBranchPoints="1" visitedBranchPoints="0" sequenceCoverage="0" branchCoverage="0" maxCyclomaticComplexity="1" minCyclomaticComplexity="1" maxCrapScore="2" minCrapScore="2" visitedClasses="0" numClasses="1" visitedMethods="0" numMethods="1" />
          <FullName>UnitTests.SearchServiceTests/&lt;&gt;c__DisplayClass4_0</FullName>
          <Methods>
            <Method visited="false" cyclomaticComplexity="1" nPathComplexity="0" sequenceCoverage="0" branchCoverage="0" crapScore="2" isConstructor="true" isStatic="false" isGetter="false" isSetter="false">
              <Summary numSequencePoints="0" visitedSequencePoints="0" numBranchPoints="0" visitedBranchPoints="0" sequenceCoverage="0" branchCoverage="0" maxCyclomaticComplexity="1" minCyclomaticComplexity="1" maxCrapScore="2" minCrapScore="2" visitedClasses="0" numClasses="0" visitedMethods="0" numMethods="0" />
              <MetadataToken>100663341</MetadataToken>
              <Name>System.Void UnitTests.SearchServiceTests/&lt;&gt;c__DisplayClass4_0::.ctor()</Name>
[...]
          <FullName>BLL.Infrastructure.ExceptionsFilters.BargainingExceptionFilterAttribute</FullName>
          <Methods>
            <Method visited="false" cyclomaticComplexity="2" nPathComplexity="2" sequenceCoverage="0" branchCoverage="0" crapScore="6" isConstructor="false" isStatic="false" isGetter="false" isSetter="false">
              <Summary numSequencePoints="6" visitedSequencePoints="0" numBranchPoints="3" visitedBranchPoints="0" sequenceCoverage="0" branchCoverage="0" maxCyclomaticComplexity="2" minCyclomaticComplexity="2" maxCrapScore="6" minCrapScore="6" visitedClasses="0" numClasses="0" visitedMethods="0" numMethods="1" />
              <MetadataToken>100663345</MetadataToken>
              <Name>System.Void BLL.Infrastructure.ExceptionsFilters.BargainingExceptionFilterAttribute::OnException(System.Web.Http.Filters.HttpActionExecutedContext)</Name>
              <FileRef uid="71" />
              <SequencePoints>
                <SequencePoint vc="0" uspid="701" ordinal="0" offset="0" sl="17" sc="9" el="17" ec="10" bec="0" bev="0" fileid="71" />
                <SequencePoint vc="0" uspid="702" ordinal="1" offset="1" sl="18" sc="13" el="18" ec="58" bec="2" bev="0" fileid="71" />
                <SequencePoint vc="0" uspid="703" ordinal="2" offset="19" sl="19" sc="13" el="19" ec="14" bec="0" bev="0" fileid="71" />
                <SequencePoint vc="0" uspid="704" ordinal="3" offset="20" sl="20" sc="17" el="24" ec="19" bec="0" bev="0" fileid="71" />
                <SequencePoint vc="0" uspid="705" ordinal="4" offset="66" sl="25" sc="17" el="25" ec="55" bec="0" bev="0" fileid="71" />
                <SequencePoint vc="0" uspid="706" ordinal="5" offset="73" sl="27" sc="9" el="27" ec="10" bec="0" bev="0" fileid="71" />
              </SequencePoints>
              <BranchPoints>
                <BranchPoint vc="0" uspid="707" ordinal="0" offset="17" sl="18" path="0" offsetend="19" fileid="71" />
                <BranchPoint vc="0" uspid="708" ordinal="1" offset="17" sl="18" path="1" offsetend="73" fileid="71" />
              </BranchPoints>
              <MethodPoint xsi:type="SequencePoint" vc="0" uspid="701" ordinal="0" offset="0" sl="17" sc="9" el="17" ec="10" bec="0" bev="0" fileid="71" />
            </Method>
            <Method visited="false" cyclomaticComplexity="1" nPathComplexity="0" sequenceCoverage="0" branchCoverage="0" crapScore="2" isConstructor="true" isStatic="false" isGetter="false" isSetter="false">
              <Summary numSequencePoints="0" visitedSequencePoints="0" numBranchPoints="0" visitedBranchPoints="0" sequenceCoverage="0" branchCoverage="0" maxCyclomaticComplexity="1" minCyclomaticComplexity="1" maxCrapScore="2" minCrapScore="2" visitedClasses="0" numClasses="0" visitedMethods="0" numMethods="0" />
              <MetadataToken>100663346</MetadataToken>
              <Name>System.Void BLL.Infrastructure.ExceptionsFilters.BargainingExceptionFilterAttribute::.ctor()</Name>
              <SequencePoints />
              <BranchPoints />
              <MethodPoint vc="0" uspid="709" ordinal="0" offset="0" />
            </Method>
          </Methods>
        </Class>
        <Class>
          <Summary numSequencePoints="0" visitedSequencePoints="0" numBranchPoints="0" visitedBranchPoints="0" sequenceCoverage="0" branchCoverage="0" maxCyclomaticComplexity="1" minCyclomaticComplexity="1" maxCrapScore="2" minCrapScore="2" visitedClasses="0" numClasses="0" visitedMethods="0" numMethods="0" />
          <FullName>BLL.DTO.BetDTO</FullName>
          <Methods>
            <Method skippedDueTo="AutoImplementedProperty" visited="false" cyclomaticComplexity="1" nPathComplexity="0" sequenceCoverage="0" branchCoverage="0" crapScore="0" isConstructor="false" isStatic="false" isGetter="true" isSetter="false">
              <MetadataToken>100663347</MetadataToken>
              <Name>System.Int32 BLL.DTO.BetDTO::get_LotId()</Name>
              <FileRef uid="72" />
              <SequencePoints />
              <BranchPoints />
            </Method>
            <Method skippedDueTo="AutoImplementedProperty" visited="false" cyclomaticComplexity="1" nPathComplexity="0" sequenceCoverage="0" branchCoverage="0" crapScore="0" isConstructor="false" isStatic="false" isGetter="false" isSetter="true">
              <MetadataToken>100663348</MetadataToken>
              <Name>System.Void BLL.DTO.BetDTO::set_LotId(System.Int32)</Name>
              <FileRef uid="72" />
              <SequencePoints />
              <BranchPoints />
            </Method>
            <Method skippedDueTo="AutoImplementedProperty" visited="false" cyclomaticComplexity="1" nPathComplexity="0" sequenceCoverage="0" branchCoverage="0" crapScore="0" isConstructor="false" isStatic="false" isGetter="true" isSetter="false">
              <MetadataToken>100663349</MetadataToken>
              <Name>System.Int32 BLL.DTO.BetDTO::get_Price()</Name>
              <FileRef uid="72" />
              <SequencePoints />
              <BranchPoints />
            </Method>
            <Method skippedDueTo="AutoImplementedProperty" visited="false" cyclomaticComplexity="1" nPathComplexity="0" sequenceCoverage="0" branchCoverage="0" crapScore="0" isConstructor="false" isStatic="false" isGetter="false" isSetter="true">
              <MetadataToken>100663350</MetadataToken>
              <Name>System.Void BLL.DTO.BetDTO::set_Price(System.Int32)</Name>
              <FileRef uid="72" />
              <SequencePoints />
              <BranchPoints />
            </Method>
            <Method visited="false" cyclomaticComplexity="1" nPathComplexity="0" sequenceCoverage="0" branchCoverage="0" crapScore="2" isConstructor="true" isStatic="false" isGetter="false" isSetter="false">
              <Summary numSequencePoints="0" visitedSequencePoints="0" numBranchPoints="0" visitedBranchPoints="0" sequenceCoverage="0" branchCoverage="0" maxCyclomaticComplexity="1" minCyclomaticComplexity="1" maxCrapScore="2" minCrapScore="2" visitedClasses="0" numClasses="0" visitedMethods="0" numMethods="0" />
              <MetadataToken>100663351</MetadataToken>
              <Name>System.Void BLL.DTO.BetDTO::.ctor()</Name>
              <SequencePoints />
              <BranchPoints />
              <MethodPoint vc="0" uspid="710" ordinal="0" offset="0" />
            </Method>
          </Methods>
        </Class>
        <Class>
          <Summary numSequencePoints="0" visitedSequencePoints="0" numBranchPoints="0" visitedBranchPoints="0" sequenceCoverage="0" branchCoverage="0" maxCyclomaticComplexity="1" minCyclomaticComplexity="1" maxCrapScore="2" minCrapScore="2" visitedClasses="0" numClasses="0" visitedMethods="0" numMethods="0" />
          <FullName>BLL.DTO.CategoryDTO</FullName>
          <Methods>
            <Method skippedDueTo="AutoImplementedProperty" visited="false" cyclomaticComplexity="1" nPathComplexity="0" sequenceCoverage="0" branchCoverage="0" crapScore="0" isConstructor="false" isStatic="false" isGetter="true" isSetter="false">
              <MetadataToken>100663352</MetadataToken>
              <Name>System.Int32 BLL.DTO.CategoryDTO::get_Id()</Name>
              <FileRef uid="73" />
              <SequencePoints />
              <BranchPoints />
            </Method>
            <Method skippedDueTo="AutoImplementedProperty" visited="false" cyclomaticComplexity="1" nPathComplexity="0" sequenceCoverage="0" branchCoverage="0" crapScore="0" isConstructor="false" isStatic="false" isGetter="false" isSetter="true">
              <MetadataToken>100663353</MetadataToken>
              <Name>System.Void BLL.DTO.CategoryDTO::set_Id(System.Int32)</Name>
              <FileRef uid="73" />
              <SequencePoints />
              <BranchPoints />
            </Method>
            <Method skippedDueTo="AutoImplementedProperty" visited="false" cyclomaticComplexity="1" nPathComplexity="0" sequenceCoverage="0" branchCoverage="0" crapScore="0" isConstructor="false" isStatic="false" isGetter="true" isSetter="false">
              <MetadataToken>100663354</MetadataToken>
              <Name>System.String BLL.DTO.CategoryDTO::get_Name()</Name>
              <FileRef uid="73" />
              <SequencePoints />
              <BranchPoints />
            </Method>
            <Method skippedDueTo="AutoImplementedProperty" visited="false" cyclomaticComplexity="1" nPathComplexity="0" sequenceCoverage="0" branchCoverage="0" crapScore="0" isConstructor="false" isStatic="false" isGetter="false" isSetter="true">
              <MetadataToken>100663355</MetadataToken>
              <Name>System.Void BLL.DTO.CategoryDTO::set_Name(System.String)</Name>
              <FileRef uid="73" />
              <SequencePoints />
              <BranchPoints />
            </Method>
            <Method visited="false" cyclomaticComplexity="1" nPathComplexity="0" sequenceCoverage="0" branchCoverage="0" crapScore="2" isConstructor="true" isStatic="false" isGetter="false" isSetter="false">
              <Summary numSequencePoints="0" visitedSequencePoints="0" numBranchPoints="0" visitedBranchPoints="0" sequenceCoverage="0" branchCoverage="0" maxCyclomaticComplexity="1" minCyclomaticComplexity="1" maxCrapScore="2" minCrapScore="2" visitedClasses="0" numClasses="0" visitedMethods="0" numMethods="0" />
              <MetadataToken>100663356</MetadataToken>
              <Name>System.Void BLL.DTO.CategoryDTO::.ctor()</Name>
              <SequencePoints />
              <BranchPoints />
              <MethodPoint vc="0" uspid="711" ordinal="0" offset="0" />
            </Method>
          </Methods>
        </Class>
        <Class>
          <Summary numSequencePoints="0" visitedSequencePoints="0" numBranchPoints="0" visitedBranchPoints="0" sequenceCoverage="0" branchCoverage="0" maxCyclomaticComplexity="1" minCyclomaticComplexity="1" maxCrapScore="2" minCrapScore="2" visitedClasses="0" numClasses="0" visitedMethods="0" numMethods="0" />
          <FullName>BLL.DTO.LotDTO</FullName>
          <Methods>
            <Method skippedDueTo="AutoImplementedProperty" visited="false" cyclomaticComplexity="1" nPathComplexity="0" sequenceCoverage="0" branchCoverage="0" crapScore="0" isConstructor="false" isStatic="false" isGetter="true" isSetter="false">
              <MetadataToken>100663357</MetadataToken>
              <Name>System.Int32 BLL.DTO.LotDTO::get_Id()</Name>
              <FileRef uid="74" />
              <SequencePoints />
              <BranchPoints />
            </Method>
            <Method skippedDueTo="AutoImplementedProperty" visited="false" cyclomaticComplexity="1" nPathComplexity="0" sequenceCoverage="0" branchCoverage="0" crapScore="0" isConstructor="false" isStatic="false" isGetter="false" isSetter="true">
              <MetadataToken>100663358</MetadataToken>
              <Name>System.Void BLL.DTO.LotDTO::set_Id(System.Int32)</Name>
              <FileRef uid="74" />
              <SequencePoints />
              <BranchPoints />
            </Method>
            <Method skippedDueTo="AutoImplementedProperty" visited="false" cyclomaticComplexity="1" nPathComplexity="0" sequenceCoverage="0" branchCoverage="0" crapScore="0" isConstructor="false" isStatic="false" isGetter="true" isSetter="false">
              <MetadataToken>100663359</MetadataToken>
              <Name>System.String BLL.DTO.LotDTO::get_Name()</Name>
              <FileRef uid="74" />
              <SequencePoints />
              <BranchPoints />
            </Method>
            <Method skippedDueTo="AutoImplementedProperty" visited="false" cyclomaticComplexity="1" nPathComplexity="0" sequenceCoverage="0" branchCoverage="0" crapScore="0" isConstructor="false" isStatic="false" isGetter="false" isSetter="true">
              <MetadataToken>100663360</MetadataToken>
              <Name>System.Void BLL.DTO.LotDTO::set_Name(System.String)</Name>
              <FileRef uid="74" />
              <SequencePoints />
              <BranchPoints />
            </Method>
            <Method skippedDueTo="AutoImplementedProperty" visited="false" cyclomaticComplexity="1" nPathComplexity="0" sequenceCoverage="0" branchCoverage="0" crapScore="0" isConstructor="false" isStatic="false" isGetter="true" isSetter="false">
              <MetadataToken>100663361</MetadataToken>
              <Name>System.String BLL.DTO.LotDTO::get_Description()</Name>
              <FileRef uid="74" />
              <SequencePoints />
              <BranchPoints />
            </Method>
            <Method skippedDueTo="AutoImplementedProperty" visited="false" cyclomaticComplexity="1" nPathComplexity="0" sequenceCoverage="0" branchCoverage="0" crapScore="0" isConstructor="false" isStatic="false" isGetter="false" isSetter="true">
              <MetadataToken>100663362</MetadataToken>
              <Name>System.Void BLL.DTO.LotDTO::set_Description(System.String)</Name>
              <FileRef uid="74" />
              <SequencePoints />
              <BranchPoints />
            </Method>
            <Method skippedDueTo="AutoImplementedProperty" visited="false" cyclomaticComplexity="1" nPathComplexity="0" sequenceCoverage="0" branchCoverage="0" crapScore="0" isConstructor="false" isStatic="false" isGetter="true" isSetter="false">
              <MetadataToken>100663363</MetadataToken>
              <Name>System.Decimal BLL.DTO.LotDTO::get_StartPrice()</Name>
              <FileRef uid="74" />
              <SequencePoints />
              <BranchPoints />
            </Method>
            <Method skippedDueTo="AutoImplementedProperty" visited="false" cyclomaticComplexity="1" nPathComplexity="0" sequenceCoverage="0" branchCoverage="0" crapScore="0" isConstructor="false" isStatic="false" isGetter="false" isSetter="true">
              <MetadataToken>100663364</MetadataToken>
              <Name>System.Void BLL.DTO.LotDTO::set_StartPrice(System.Decimal)</Name>
              <FileRef uid="74" />
              <SequencePoints />
              <BranchPoints />
            </Method>
            <Method skippedDueTo="AutoImplementedProperty" visited="false" cyclomaticComplexity="1" nPathComplexity="0" sequenceCoverage="0" branchCoverage="0" crapScore="0" isConstructor="false" isStatic="false" isGetter="true" isSetter="false">
              <MetadataToken>100663365</MetadataToken>
              <Name>System.Decimal BLL.DTO.LotDTO::get_CurrPrice()</Name>
              <FileRef uid="74" />
              <SequencePoints />
              <BranchPoints />
            </Method>
            <Method skippedDueTo="AutoImplementedProperty" visited="false" cyclomaticComplexity="1" nPathComplexity="0" sequenceCoverage="0" branchCoverage="0" crapScore="0" isConstructor="false" isStatic="false" isGetter="false" isSetter="true">
              <MetadataToken>100663366</MetadataToken>
              <Name>System.Void BLL.DTO.LotDTO::set_CurrPrice(System.Decimal)</Name>
              <FileRef uid="74" />
              <SequencePoints />
              <BranchPoints />
            </Method>
            <Method skippedDueTo="AutoImplementedProperty" visited="false" cyclomaticComplexity="1" nPathComplexity="0" sequenceCoverage="0" branchCoverage="0" crapScore="0" isConstructor="false" isStatic="false" isGetter="true" isSetter="false">
              <MetadataToken>100663367</MetadataToken>
              <Name>System.Decimal BLL.DTO.LotDTO::get_BuyNowPrice()</Name>
              <FileRef uid="74" />
              <SequencePoints />
              <BranchPoints />
            </Method>
            <Method skippedDueTo="AutoImplementedProperty" visited="false" cyclomaticComplexity="1" nPathComplexity="0" sequenceCoverage="0" branchCoverage="0" crapScore="0" isConstructor="false" isStatic="false" isGetter="false" isSetter="true">
              <MetadataToken>100663368</MetadataToken>
              <Name>System.Void BLL.DTO.LotDTO::set_BuyNowPrice(System.Decimal)</Name>
              <FileRef uid="74" />
              <SequencePoints />
              <BranchPoints />
            </Method>
            <Method skippedDueTo="AutoImplementedProperty" visited="false" cyclomaticComplexity="1" nPathComplexity="0" sequenceCoverage="0" branchCoverage="0" crapScore="0" isConstructor="false" isStatic="false" isGetter="true" isSetter="false">
              <MetadataToken>100663369</MetadataToken>
              <Name>System.Boolean BLL.DTO.LotDTO::get_IsOpen()</Name>
              <FileRef uid="74" />
              <SequencePoints />
              <BranchPoints />
            </Method>
            <Method skippedDueTo="AutoImplementedProperty" visited="false" cyclomaticComplexity="1" nPathComplexity="0" sequenceCoverage="0" branchCoverage="0" crapScore="0" isConstructor="false" isStatic="false" isGetter="false" isSetter="true">
              <MetadataToken>100663370</MetadataToken>
              <Name>System.Void BLL.DTO.LotDTO::set_IsOpen(System.Boolean)</Name>
              <FileRef uid="74" />
              <SequencePoints />
              <BranchPoints />
            </Method>
            <Method skippedDueTo="AutoImplementedProperty" visited="false" cyclomaticComplexity="1" nPathComplexity="0" sequenceCoverage="0" branchCoverage="0" crapScore="0" isConstructor="false" isStatic="false" isGetter="true" isSetter="false">
              <MetadataToken>100663371</MetadataToken>
              <Name>System.Boolean BLL.DTO.LotDTO::get_IsAllowed()</Name>
              <FileRef uid="74" />
              <SequencePoints />
              <BranchPoints />
            </Method>
            <Method skippedDueTo="AutoImplementedProperty" visited="false" cyclomaticComplexity="1" nPathComplexity="0" sequenceCoverage="0" branchCoverage="0" crapScore="0" isConstructor="false" isStatic="false" isGetter="false" isSetter="true">
              <MetadataToken>100663372</MetadataToken>
              <Name>System.Void BLL.DTO.LotDTO::set_IsAllowed(System.Boolean)</Name>
              <FileRef uid="74" />
              <SequencePoints />
              <BranchPoints />
            </Method>
            <Method skippedDueTo="AutoImplementedProperty" visited="false" cyclomaticComplexity="1" nPathComplexity="0" sequenceCoverage="0" branchCoverage="0" crapScore="0" isConstructor="false" isStatic="false" isGetter="true" isSetter="false">
              <MetadataToken>100663373</MetadataToken>
              <Name>System.String BLL.DTO.LotDTO::get_CategoryName()</Name>
              <FileRef uid="74" />
              <SequencePoints />
              <BranchPoints />
            </Method>
            <Method skippedDueTo="AutoImplementedProperty" visited="false" cyclomaticComplexity="1" nPathComplexity="0" sequenceCoverage="0" branchCoverage="0" crapScore="0" isConstructor="false" isStatic="false" isGetter="false" isSetter="true">
              <MetadataToken>100663374</MetadataToken>
              <Name>System.Void BLL.DTO.LotDTO::set_CategoryName(System.String)</Name>
              <FileRef uid="74" />
              <SequencePoints />
              <BranchPoints />
            </Method>
            <Method visited="false" cyclomaticComplexity="1" nPathComplexity="0" sequenceCoverage="0" branchCoverage="0" crapScore="2" isConstructor="true" isStatic="false" isGetter="false" isSetter="false">
              <Summary numSequencePoints="0" visitedSequencePoints="0" numBranchPoints="0" visitedBranchPoints="0" sequenceCoverage="0" branchCoverage="0" maxCyclomaticComplexity="1" minCyclomaticComplexity="1" maxCrapScore="2" minCrapScore="2" visitedClasses="0" numClasses="0" visitedMethods="0" numMethods="0" />
              <MetadataToken>100663375</MetadataToken>
              <Name>System.Void BLL.DTO.LotDTO::.ctor()</Name>
              <SequencePoints />
              <BranchPoints />
              <MethodPoint vc="0" uspid="712" ordinal="0" offset="0" />
            </Method>
          </Methods>
        </Class>
      </Classes>
      <TrackedMethods />
    </Module>
  </Modules>
</CoverageSession>